TN:
SF:src/components/analytics/AnalyticsDashboard.tsx
FN:69,(anonymous_7)
FN:76,(anonymous_8)
FN:96,(anonymous_9)
FN:111,(anonymous_10)
FN:117,(anonymous_11)
FN:136,(anonymous_12)
FN:138,(anonymous_13)
FN:140,(anonymous_14)
FN:153,(anonymous_15)
FN:155,(anonymous_16)
FN:167,(anonymous_17)
FN:170,(anonymous_18)
FN:183,(anonymous_19)
FN:194,(anonymous_20)
FN:199,(anonymous_21)
FN:202,(anonymous_22)
FN:206,(anonymous_23)
FN:210,(anonymous_24)
FN:211,(anonymous_25)
FN:215,(anonymous_26)
FN:216,(anonymous_27)
FN:220,(anonymous_28)
FN:221,(anonymous_29)
FN:225,(anonymous_30)
FN:228,(anonymous_31)
FN:238,(anonymous_32)
FN:245,(anonymous_33)
FN:256,(anonymous_34)
FN:259,(anonymous_35)
FN:269,(anonymous_36)
FN:285,(anonymous_37)
FN:322,(anonymous_38)
FN:354,(anonymous_39)
FN:359,(anonymous_40)
FN:368,(anonymous_41)
FN:379,(anonymous_42)
FN:449,(anonymous_43)
FN:477,(anonymous_44)
FN:481,(anonymous_45)
FN:511,(anonymous_46)
FN:528,(anonymous_47)
FN:564,(anonymous_48)
FN:568,(anonymous_49)
FN:574,(anonymous_50)
FN:576,(anonymous_51)
FN:622,(anonymous_52)
FN:626,(anonymous_53)
FN:649,(anonymous_54)
FNF:48
FNH:43
FNDA:2,(anonymous_7)
FNDA:2,(anonymous_8)
FNDA:232,(anonymous_9)
FNDA:29,(anonymous_10)
FNDA:29,(anonymous_11)
FNDA:117,(anonymous_12)
FNDA:1,(anonymous_13)
FNDA:115,(anonymous_14)
FNDA:83,(anonymous_15)
FNDA:158,(anonymous_16)
FNDA:158,(anonymous_17)
FNDA:90,(anonymous_18)
FNDA:3,(anonymous_19)
FNDA:114,(anonymous_20)
FNDA:114,(anonymous_21)
FNDA:1,(anonymous_22)
FNDA:113,(anonymous_23)
FNDA:0,(anonymous_24)
FNDA:0,(anonymous_25)
FNDA:1,(anonymous_26)
FNDA:1,(anonymous_27)
FNDA:0,(anonymous_28)
FNDA:0,(anonymous_29)
FNDA:2,(anonymous_30)
FNDA:1,(anonymous_31)
FNDA:2,(anonymous_32)
FNDA:2,(anonymous_33)
FNDA:53,(anonymous_34)
FNDA:69,(anonymous_35)
FNDA:58,(anonymous_36)
FNDA:145,(anonymous_37)
FNDA:1,(anonymous_38)
FNDA:1,(anonymous_39)
FNDA:720,(anonymous_40)
FNDA:1,(anonymous_41)
FNDA:1,(anonymous_42)
FNDA:2,(anonymous_43)
FNDA:58,(anonymous_44)
FNDA:1,(anonymous_45)
FNDA:87,(anonymous_46)
FNDA:174,(anonymous_47)
FNDA:87,(anonymous_48)
FNDA:58,(anonymous_49)
FNDA:0,(anonymous_50)
FNDA:232,(anonymous_51)
FNDA:87,(anonymous_52)
FNDA:1,(anonymous_53)
FNDA:1,(anonymous_54)
DA:8,2
DA:25,2
DA:29,2
DA:33,2
DA:37,2
DA:51,2
DA:69,2
DA:76,2
DA:96,30
DA:111,232
DA:117,232
DA:136,232
DA:137,117
DA:138,2
DA:140,115
DA:143,117
DA:145,117
DA:151,114
DA:153,83
DA:155,114
DA:156,158
DA:157,158
DA:158,158
DA:160,0
DA:161,0
DA:165,114
DA:166,114
DA:167,158
DA:170,114
DA:182,3
DA:183,3
DA:189,3
DA:194,232
DA:195,114
DA:199,232
DA:200,114
DA:202,113
DA:203,1
DA:206,113
DA:210,232
DA:211,0
DA:215,232
DA:216,1
DA:220,232
DA:221,0
DA:225,232
DA:226,2
DA:227,2
DA:228,1
DA:232,1
DA:234,1
DA:238,232
DA:239,2
DA:240,2
DA:244,2
DA:245,2
DA:249,2
DA:251,0
DA:256,232
DA:257,53
DA:259,69
DA:269,232
DA:270,58
DA:272,29
DA:274,0
DA:276,29
DA:278,0
DA:280,0
DA:285,232
DA:286,145
DA:288,116
DA:290,0
DA:292,29
DA:294,0
DA:296,0
DA:301,232
DA:313,93
DA:322,1
DA:354,1
DA:360,720
DA:368,1
DA:380,1
DA:381,1
DA:382,1
DA:449,2
DA:478,58
DA:481,1
DA:512,87
DA:528,174
DA:565,87
DA:566,87
DA:568,58
DA:574,0
DA:577,232
DA:623,87
DA:626,1
DA:650,1
DA:651,1
LF:98
LH:86
BRDA:69,0,0,2
BRDA:69,0,1,2
BRDA:76,1,0,2
BRDA:76,1,1,2
BRDA:97,2,0,228
BRDA:98,3,0,224
BRDA:99,4,0,232
BRDA:101,5,0,224
BRDA:102,6,0,226
BRDA:112,7,0,29
BRDA:112,7,1,1
BRDA:113,8,0,29
BRDA:113,8,1,1
BRDA:114,9,0,29
BRDA:114,9,1,24
BRDA:124,10,0,29
BRDA:124,10,1,29
BRDA:136,11,0,115
BRDA:137,12,0,2
BRDA:137,12,1,115
BRDA:146,13,0,117
BRDA:146,13,1,116
BRDA:147,14,0,117
BRDA:147,14,1,116
BRDA:151,15,0,25
BRDA:151,15,1,89
BRDA:182,16,0,3
BRDA:182,16,1,0
BRDA:189,17,0,1
BRDA:189,17,1,0
BRDA:200,18,0,1
BRDA:234,19,0,1
BRDA:234,19,1,0
BRDA:251,20,0,0
BRDA:251,20,1,0
BRDA:257,21,0,30
BRDA:270,22,0,29
BRDA:270,22,1,0
BRDA:270,22,2,29
BRDA:270,22,3,0
BRDA:270,22,4,0
BRDA:286,23,0,116
BRDA:286,23,1,0
BRDA:286,23,2,29
BRDA:286,23,3,0
BRDA:286,23,4,0
BRDA:301,24,0,139
BRDA:313,25,0,3
BRDA:341,26,0,90
BRDA:353,27,0,90
BRDA:353,27,1,88
BRDA:354,28,0,1
BRDA:354,28,1,0
BRDA:373,29,0,1
BRDA:373,29,1,89
BRDA:380,30,0,1
BRDA:398,31,0,90
BRDA:493,32,0,58
BRDA:510,33,0,29
BRDA:525,34,0,87
BRDA:525,34,1,87
BRDA:560,35,0,29
BRDA:565,36,0,87
BRDA:565,36,1,58
BRDA:639,37,0,87
BRDA:639,37,1,0
BRDA:664,38,0,90
BRF:67
BRH:54
end_of_record
TN:
SF:src/components/analytics/AnalyticsPanel.tsx
FN:49,(anonymous_6)
FN:62,(anonymous_7)
FN:70,(anonymous_8)
FN:115,(anonymous_9)
FN:122,(anonymous_10)
FN:138,(anonymous_11)
FN:139,(anonymous_12)
FN:143,(anonymous_13)
FN:144,(anonymous_14)
FN:148,(anonymous_15)
FN:149,(anonymous_16)
FN:154,(anonymous_17)
FN:159,(anonymous_18)
FN:164,(anonymous_19)
FN:171,(anonymous_20)
FN:187,(anonymous_21)
FN:203,(anonymous_22)
FN:291,(anonymous_23)
FN:358,(anonymous_24)
FN:361,(anonymous_25)
FN:399,(anonymous_26)
FN:403,(anonymous_27)
FN:430,(anonymous_28)
FN:434,(anonymous_29)
FN:466,(anonymous_30)
FN:474,(anonymous_31)
FN:485,(anonymous_32)
FNF:27
FNH:23
FNDA:1,(anonymous_6)
FNDA:1,(anonymous_7)
FNDA:45,(anonymous_8)
FNDA:36,(anonymous_9)
FNDA:0,(anonymous_10)
FNDA:2,(anonymous_11)
FNDA:2,(anonymous_12)
FNDA:6,(anonymous_13)
FNDA:6,(anonymous_14)
FNDA:0,(anonymous_15)
FNDA:0,(anonymous_16)
FNDA:1,(anonymous_17)
FNDA:1,(anonymous_18)
FNDA:1,(anonymous_19)
FNDA:45,(anonymous_20)
FNDA:101,(anonymous_21)
FNDA:68,(anonymous_22)
FNDA:1,(anonymous_23)
FNDA:190,(anonymous_24)
FNDA:6,(anonymous_25)
FNDA:66,(anonymous_26)
FNDA:1,(anonymous_27)
FNDA:2,(anonymous_28)
FNDA:0,(anonymous_29)
FNDA:8,(anonymous_30)
FNDA:1,(anonymous_31)
FNDA:1,(anonymous_32)
DA:7,1
DA:8,1
DA:21,1
DA:49,1
DA:62,1
DA:70,37
DA:90,45
DA:108,45
DA:115,45
DA:116,36
DA:117,0
DA:123,0
DA:138,45
DA:139,2
DA:143,45
DA:144,6
DA:148,45
DA:149,0
DA:150,0
DA:154,45
DA:155,1
DA:159,45
DA:160,1
DA:164,45
DA:165,1
DA:166,1
DA:171,45
DA:172,45
DA:174,45
DA:176,1
DA:178,1
DA:180,1
DA:182,42
DA:187,45
DA:188,101
DA:190,0
DA:192,34
DA:194,35
DA:196,1
DA:198,31
DA:203,45
DA:204,68
DA:206,0
DA:208,34
DA:210,34
DA:212,0
DA:214,0
DA:219,45
DA:231,43
DA:291,1
DA:359,190
DA:361,6
DA:400,66
DA:403,1
DA:431,2
DA:434,0
DA:467,8
DA:474,1
DA:486,1
DA:487,1
LF:60
LH:51
BRDA:49,0,0,1
BRDA:49,0,1,1
BRDA:62,1,0,1
BRDA:62,1,1,1
BRDA:71,2,0,45
BRDA:72,3,0,45
BRDA:73,4,0,41
BRDA:74,5,0,42
BRDA:75,6,0,40
BRDA:76,7,0,40
BRDA:77,8,0,45
BRDA:78,9,0,36
BRDA:79,10,0,29
BRDA:80,11,0,45
BRDA:116,12,0,0
BRDA:116,13,0,36
BRDA:116,13,1,36
BRDA:123,14,0,0
BRDA:123,14,1,0
BRDA:165,15,0,1
BRDA:174,16,0,1
BRDA:174,16,1,1
BRDA:174,16,2,1
BRDA:174,16,3,42
BRDA:188,17,0,0
BRDA:188,17,1,34
BRDA:188,17,2,35
BRDA:188,17,3,1
BRDA:188,17,4,31
BRDA:204,18,0,0
BRDA:204,18,1,34
BRDA:204,18,2,34
BRDA:204,18,3,0
BRDA:204,18,4,0
BRDA:219,19,0,2
BRDA:219,20,0,45
BRDA:219,20,1,2
BRDA:231,21,0,1
BRDA:259,22,0,42
BRDA:259,22,1,42
BRDA:263,23,0,40
BRDA:263,23,1,2
BRDA:264,24,0,1
BRDA:264,24,1,1
BRDA:265,25,0,1
BRDA:265,25,1,0
BRDA:271,26,0,40
BRDA:271,26,1,2
BRDA:272,27,0,1
BRDA:272,27,1,1
BRDA:273,28,0,1
BRDA:273,28,1,0
BRDA:281,29,0,42
BRDA:281,29,1,42
BRDA:297,30,0,0
BRDA:297,30,1,42
BRDA:313,31,0,39
BRDA:313,31,1,3
BRDA:325,32,0,42
BRDA:328,33,0,39
BRDA:335,34,0,0
BRDA:335,34,1,38
BRDA:341,35,0,0
BRDA:341,35,1,38
BRDA:347,36,0,38
BRDA:347,36,1,0
BRDA:356,37,0,39
BRDA:363,38,0,38
BRDA:363,38,1,152
BRDA:378,39,0,39
BRDA:378,39,1,6
BRDA:381,40,0,33
BRDA:381,40,1,33
BRDA:396,41,0,33
BRDA:396,41,1,33
BRDA:399,42,0,1
BRDA:399,42,1,32
BRDA:412,43,0,66
BRDA:412,43,1,0
BRDA:427,44,0,39
BRDA:427,44,1,1
BRDA:427,44,2,1
BRDA:444,45,0,2
BRDA:444,45,1,0
BRDA:452,46,0,2
BRDA:462,47,0,39
BRDA:462,47,1,5
BRDA:462,47,2,5
BRDA:465,48,0,4
BRDA:470,49,0,4
BRDA:470,49,1,4
BRDA:471,50,0,4
BRDA:471,50,1,0
BRF:93
BRH:77
end_of_record
TN:
SF:src/components/analytics/ElliottWaveAnalyzer.tsx
FN:91,ElliottWaveAnalyzer
FN:111,(anonymous_2)
FN:115,(anonymous_3)
FN:119,(anonymous_4)
FN:124,(anonymous_5)
FN:129,(anonymous_6)
FN:173,(anonymous_7)
FN:209,(anonymous_8)
FN:223,(anonymous_9)
FN:229,(anonymous_10)
FN:258,(anonymous_11)
FN:271,(anonymous_12)
FN:281,(anonymous_13)
FN:292,(anonymous_14)
FN:305,(anonymous_15)
FN:309,(anonymous_16)
FN:413,(anonymous_17)
FN:413,(anonymous_18)
FN:431,(anonymous_19)
FN:431,(anonymous_20)
FN:446,(anonymous_21)
FN:446,(anonymous_22)
FN:459,(anonymous_23)
FN:459,(anonymous_24)
FN:472,(anonymous_25)
FN:472,(anonymous_26)
FN:583,(anonymous_27)
FN:633,(anonymous_28)
FN:678,(anonymous_29)
FN:749,(anonymous_30)
FN:780,(anonymous_31)
FN:833,generateMockWaves
FNF:32
FNH:0
FNDA:0,ElliottWaveAnalyzer
FNDA:0,(anonymous_2)
FNDA:0,(anonymous_3)
FNDA:0,(anonymous_4)
FNDA:0,(anonymous_5)
FNDA:0,(anonymous_6)
FNDA:0,(anonymous_7)
FNDA:0,(anonymous_8)
FNDA:0,(anonymous_9)
FNDA:0,(anonymous_10)
FNDA:0,(anonymous_11)
FNDA:0,(anonymous_12)
FNDA:0,(anonymous_13)
FNDA:0,(anonymous_14)
FNDA:0,(anonymous_15)
FNDA:0,(anonymous_16)
FNDA:0,(anonymous_17)
FNDA:0,(anonymous_18)
FNDA:0,(anonymous_19)
FNDA:0,(anonymous_20)
FNDA:0,(anonymous_21)
FNDA:0,(anonymous_22)
FNDA:0,(anonymous_23)
FNDA:0,(anonymous_24)
FNDA:0,(anonymous_25)
FNDA:0,(anonymous_26)
FNDA:0,(anonymous_27)
FNDA:0,(anonymous_28)
FNDA:0,(anonymous_29)
FNDA:0,(anonymous_30)
FNDA:0,(anonymous_31)
FNDA:0,generateMockWaves
DA:10,0
DA:11,0
DA:12,0
DA:13,0
DA:14,0
DA:26,0
DA:91,0
DA:92,0
DA:93,0
DA:94,0
DA:95,0
DA:104,0
DA:105,0
DA:106,0
DA:107,0
DA:109,0
DA:111,0
DA:112,0
DA:115,0
DA:118,0
DA:119,0
DA:120,0
DA:124,0
DA:125,0
DA:129,0
DA:130,0
DA:132,0
DA:162,0
DA:164,0
DA:165,0
DA:173,0
DA:174,0
DA:175,0
DA:178,0
DA:179,0
DA:181,0
DA:200,0
DA:202,0
DA:209,0
DA:212,0
DA:213,0
DA:219,0
DA:223,0
DA:224,0
DA:226,0
DA:227,0
DA:229,0
DA:230,0
DA:231,0
DA:234,0
DA:257,0
DA:258,0
DA:259,0
DA:261,0
DA:267,0
DA:270,0
DA:271,0
DA:277,0
DA:281,0
DA:282,0
DA:284,0
DA:288,0
DA:292,0
DA:293,0
DA:305,0
DA:306,0
DA:309,0
DA:310,0
DA:311,0
DA:413,0
DA:431,0
DA:446,0
DA:459,0
DA:472,0
DA:584,0
DA:634,0
DA:679,0
DA:750,0
DA:780,0
DA:834,0
LF:80
LH:0
BRDA:118,0,0,0
BRDA:118,1,0,0
BRDA:118,1,1,0
BRDA:125,2,0,0
BRDA:224,3,0,0
BRDA:230,4,0,0
BRDA:271,5,0,0
BRDA:271,5,1,0
BRDA:282,6,0,0
BRDA:282,7,0,0
BRDA:282,7,1,0
BRDA:328,8,0,0
BRDA:328,8,1,0
BRDA:332,9,0,0
BRDA:336,10,0,0
BRDA:336,10,1,0
BRDA:486,11,0,0
BRDA:496,12,0,0
BRDA:514,13,0,0
BRDA:546,14,0,0
BRDA:555,15,0,0
BRDA:555,15,1,0
BRDA:556,16,0,0
BRDA:556,16,1,0
BRDA:601,17,0,0
BRDA:603,18,0,0
BRDA:603,18,1,0
BRDA:609,19,0,0
BRDA:609,19,1,0
BRDA:612,20,0,0
BRDA:612,20,1,0
BRDA:621,21,0,0
BRDA:629,22,0,0
BRDA:677,23,0,0
BRDA:683,24,0,0
BRDA:683,24,1,0
BRDA:684,25,0,0
BRDA:684,25,1,0
BRDA:714,26,0,0
BRDA:714,26,1,0
BRDA:721,27,0,0
BRDA:721,27,1,0
BRDA:748,28,0,0
BRDA:787,29,0,0
BRDA:792,30,0,0
BRDA:792,30,1,0
BRDA:793,31,0,0
BRDA:793,31,1,0
BRF:48
BRH:0
end_of_record
TN:
SF:src/components/analytics/ExportManager.tsx
FN:40,(anonymous_7)
FN:47,(anonymous_8)
FN:81,(anonymous_9)
FN:90,(anonymous_10)
FN:106,(anonymous_11)
FN:108,(anonymous_12)
FN:125,(anonymous_13)
FN:127,(anonymous_14)
FN:129,(anonymous_15)
FN:138,(anonymous_16)
FN:148,(anonymous_17)
FN:159,(anonymous_18)
FN:164,(anonymous_19)
FN:167,(anonymous_20)
FN:171,(anonymous_21)
FN:175,(anonymous_22)
FN:176,(anonymous_23)
FN:180,(anonymous_24)
FN:181,(anonymous_25)
FN:193,(anonymous_26)
FN:194,(anonymous_27)
FN:196,(anonymous_28)
FN:201,(anonymous_29)
FN:235,(anonymous_30)
FN:240,(anonymous_31)
FN:255,(anonymous_32)
FN:266,(anonymous_33)
FN:271,(anonymous_34)
FN:276,(anonymous_35)
FN:281,(anonymous_36)
FN:287,(anonymous_37)
FN:295,(anonymous_38)
FN:299,(anonymous_39)
FN:303,(anonymous_40)
FN:347,(anonymous_41)
FN:365,(anonymous_42)
FN:373,(anonymous_43)
FN:407,(anonymous_44)
FN:439,(anonymous_45)
FN:450,(anonymous_46)
FN:461,(anonymous_47)
FN:474,(anonymous_48)
FN:538,(anonymous_49)
FN:538,(anonymous_50)
FN:545,(anonymous_51)
FN:545,(anonymous_52)
FN:550,(anonymous_53)
FN:559,(anonymous_54)
FN:559,(anonymous_55)
FN:564,(anonymous_56)
FN:579,(anonymous_57)
FN:586,(anonymous_58)
FN:599,(anonymous_59)
FN:599,(anonymous_60)
FN:611,(anonymous_61)
FN:611,(anonymous_62)
FN:631,(anonymous_63)
FN:663,(anonymous_64)
FN:673,(anonymous_65)
FN:681,(anonymous_66)
FN:728,(anonymous_67)
FN:737,(anonymous_68)
FN:745,(anonymous_69)
FNF:63
FNH:61
FNDA:2,(anonymous_7)
FNDA:2,(anonymous_8)
FNDA:2,(anonymous_9)
FNDA:148,(anonymous_10)
FNDA:42,(anonymous_11)
FNDA:42,(anonymous_12)
FNDA:51,(anonymous_13)
FNDA:6,(anonymous_14)
FNDA:43,(anonymous_15)
FNDA:42,(anonymous_16)
FNDA:3,(anonymous_17)
FNDA:42,(anonymous_18)
FNDA:42,(anonymous_19)
FNDA:1,(anonymous_20)
FNDA:41,(anonymous_21)
FNDA:2,(anonymous_22)
FNDA:2,(anonymous_23)
FNDA:4,(anonymous_24)
FNDA:4,(anonymous_25)
FNDA:1,(anonymous_26)
FNDA:1,(anonymous_27)
FNDA:4,(anonymous_28)
FNDA:5,(anonymous_29)
FNDA:2,(anonymous_30)
FNDA:3,(anonymous_31)
FNDA:1,(anonymous_32)
FNDA:93,(anonymous_33)
FNDA:4,(anonymous_34)
FNDA:0,(anonymous_35)
FNDA:4,(anonymous_36)
FNDA:20,(anonymous_37)
FNDA:4,(anonymous_38)
FNDA:4,(anonymous_39)
FNDA:213,(anonymous_40)
FNDA:217,(anonymous_41)
FNDA:277,(anonymous_42)
FNDA:277,(anonymous_43)
FNDA:1,(anonymous_44)
FNDA:1,(anonymous_45)
FNDA:0,(anonymous_46)
FNDA:1,(anonymous_47)
FNDA:1,(anonymous_48)
FNDA:5,(anonymous_49)
FNDA:5,(anonymous_50)
FNDA:1,(anonymous_51)
FNDA:1,(anonymous_52)
FNDA:300,(anonymous_53)
FNDA:1,(anonymous_54)
FNDA:1,(anonymous_55)
FNDA:360,(anonymous_56)
FNDA:1,(anonymous_57)
FNDA:1,(anonymous_58)
FNDA:1,(anonymous_59)
FNDA:1,(anonymous_60)
FNDA:1,(anonymous_61)
FNDA:1,(anonymous_62)
FNDA:1,(anonymous_63)
FNDA:217,(anonymous_64)
FNDA:4,(anonymous_65)
FNDA:1,(anonymous_66)
FNDA:3,(anonymous_67)
FNDA:1,(anonymous_68)
FNDA:1,(anonymous_69)
DA:7,2
DA:11,2
DA:21,2
DA:40,2
DA:47,2
DA:81,2
DA:90,43
DA:106,148
DA:108,148
DA:125,148
DA:126,51
DA:127,8
DA:129,43
DA:132,51
DA:133,51
DA:138,48
DA:147,3
DA:148,3
DA:154,3
DA:159,148
DA:160,42
DA:164,148
DA:165,42
DA:167,41
DA:168,1
DA:171,41
DA:175,148
DA:176,2
DA:180,148
DA:181,4
DA:182,4
DA:183,4
DA:184,4
DA:186,0
DA:188,4
DA:193,148
DA:194,1
DA:196,4
DA:201,148
DA:202,5
DA:203,5
DA:205,1
DA:206,1
DA:207,1
DA:209,3
DA:211,2
DA:212,2
DA:213,2
DA:214,2
DA:215,2
DA:216,2
DA:217,2
DA:218,2
DA:219,2
DA:220,2
DA:222,1
DA:223,1
DA:224,1
DA:228,4
DA:230,1
DA:235,148
DA:236,2
DA:237,2
DA:239,2
DA:240,2
DA:241,3
DA:243,2
DA:245,1
DA:247,0
DA:249,0
DA:253,2
DA:255,2
DA:256,2
DA:259,2
DA:261,0
DA:266,148
DA:267,93
DA:270,93
DA:271,4
DA:275,93
DA:276,0
DA:280,93
DA:281,4
DA:285,93
DA:286,5
DA:287,5
DA:288,20
DA:294,93
DA:295,4
DA:298,93
DA:299,4
DA:303,93
DA:306,213
DA:308,205
DA:309,205
DA:310,205
DA:312,8
DA:313,8
DA:314,8
DA:316,0
DA:317,0
DA:318,0
DA:320,0
DA:321,0
DA:322,0
DA:324,0
DA:325,0
DA:326,0
DA:328,0
DA:329,0
DA:330,0
DA:332,0
DA:333,0
DA:336,213
DA:337,3
DA:339,210
DA:343,93
DA:347,148
DA:348,217
DA:350,58
DA:352,54
DA:354,53
DA:356,52
DA:358,0
DA:360,0
DA:365,148
DA:366,277
DA:367,118
DA:368,118
DA:369,118
DA:373,148
DA:374,277
DA:375,224
DA:376,224
DA:377,224
DA:378,224
DA:379,224
DA:380,224
DA:381,106
DA:382,106
DA:386,148
DA:398,63
DA:407,1
DA:439,1
DA:450,0
DA:461,1
DA:474,1
DA:538,5
DA:545,1
DA:551,300
DA:559,1
DA:565,360
DA:579,1
DA:586,1
DA:599,1
DA:611,1
DA:631,1
DA:664,217
DA:673,4
DA:681,1
DA:728,3
DA:737,1
DA:745,1
LF:163
LH:141
BRDA:40,0,0,2
BRDA:40,0,1,2
BRDA:47,1,0,2
BRDA:47,1,1,2
BRDA:81,2,0,2
BRDA:81,2,1,2
BRDA:91,3,0,148
BRDA:92,4,0,136
BRDA:93,5,0,146
BRDA:94,6,0,144
BRDA:95,7,0,145
BRDA:96,8,0,145
BRDA:97,9,0,148
BRDA:106,10,0,42
BRDA:106,10,1,1
BRDA:125,11,0,43
BRDA:126,12,0,8
BRDA:126,12,1,43
BRDA:147,13,0,3
BRDA:147,13,1,0
BRDA:154,14,0,1
BRDA:154,14,1,0
BRDA:165,15,0,1
BRDA:183,16,0,4
BRDA:183,16,1,0
BRDA:196,17,0,1
BRDA:196,17,1,0
BRDA:203,18,0,1
BRDA:203,18,1,3
BRDA:203,18,2,1
BRDA:230,19,0,1
BRDA:230,19,1,0
BRDA:237,20,0,0
BRDA:241,21,0,2
BRDA:241,21,1,1
BRDA:241,21,2,0
BRDA:241,21,3,0
BRDA:261,22,0,0
BRDA:261,22,1,0
BRDA:270,23,0,1
BRDA:275,24,0,0
BRDA:280,25,0,1
BRDA:285,26,0,5
BRDA:288,27,0,20
BRDA:288,27,1,11
BRDA:294,28,0,2
BRDA:298,29,0,2
BRDA:306,30,0,205
BRDA:306,30,1,8
BRDA:306,30,2,0
BRDA:306,30,3,0
BRDA:306,30,4,0
BRDA:306,30,5,0
BRDA:306,30,6,0
BRDA:324,31,0,0
BRDA:324,31,1,0
BRDA:325,32,0,0
BRDA:325,32,1,0
BRDA:336,33,0,3
BRDA:336,33,1,210
BRDA:337,34,0,3
BRDA:337,34,1,0
BRDA:337,35,0,0
BRDA:337,35,1,0
BRDA:339,36,0,124
BRDA:339,36,1,86
BRDA:339,37,0,86
BRDA:339,37,1,0
BRDA:348,38,0,58
BRDA:348,38,1,54
BRDA:348,38,2,53
BRDA:348,38,3,52
BRDA:348,38,4,0
BRDA:348,38,5,0
BRDA:366,39,0,159
BRDA:374,40,0,53
BRDA:375,41,0,224
BRDA:375,41,1,106
BRDA:378,42,0,0
BRDA:380,43,0,118
BRDA:386,44,0,85
BRDA:398,45,0,3
BRDA:426,46,0,60
BRDA:441,47,0,55
BRDA:441,47,1,5
BRDA:447,48,0,60
BRDA:447,48,1,1
BRDA:452,49,0,0
BRDA:452,49,1,60
BRDA:463,50,0,5
BRDA:463,50,1,55
BRDA:479,51,0,1
BRDA:479,51,1,59
BRDA:485,52,0,60
BRDA:573,53,0,60
BRDA:611,54,0,0
BRDA:611,54,1,1
BRDA:615,55,0,1
BRDA:615,55,1,59
BRDA:630,56,0,60
BRDA:630,56,1,2
BRDA:666,57,0,9
BRDA:666,57,1,208
BRDA:692,58,0,217
BRDA:702,59,0,58
BRDA:702,59,1,159
BRDA:703,60,0,52
BRDA:703,60,1,107
BRDA:726,61,0,217
BRDA:726,61,1,58
BRDA:735,62,0,217
BRDA:735,62,1,164
BRDA:758,63,0,60
BRDA:763,64,0,0
BRDA:763,64,1,1
BRDA:763,65,0,1
BRDA:763,65,1,1
BRDA:763,65,2,1
BRDA:773,66,0,60
BRF:119
BRH:89
end_of_record
TN:
SF:src/components/analytics/PerformanceAnalytics.tsx
FN:91,PerformanceAnalytics
FN:100,(anonymous_2)
FN:104,(anonymous_3)
FN:106,(anonymous_4)
FN:111,(anonymous_5)
FN:228,(anonymous_6)
FN:235,(anonymous_7)
FN:239,(anonymous_8)
FN:283,(anonymous_9)
FN:455,(anonymous_10)
FN:486,(anonymous_11)
FN:585,(anonymous_12)
FN:640,generateEquityCurve
FN:657,(anonymous_14)
FN:670,generateMonthlyReturns
FN:675,(anonymous_16)
FN:682,generateTradeHistory
FN:715,generateDrawdowns
FN:739,(anonymous_19)
FNF:19
FNH:0
FNDA:0,PerformanceAnalytics
FNDA:0,(anonymous_2)
FNDA:0,(anonymous_3)
FNDA:0,(anonymous_4)
FNDA:0,(anonymous_5)
FNDA:0,(anonymous_6)
FNDA:0,(anonymous_7)
FNDA:0,(anonymous_8)
FNDA:0,(anonymous_9)
FNDA:0,(anonymous_10)
FNDA:0,(anonymous_11)
FNDA:0,(anonymous_12)
FNDA:0,generateEquityCurve
FNDA:0,(anonymous_14)
FNDA:0,generateMonthlyReturns
FNDA:0,(anonymous_16)
FNDA:0,generateTradeHistory
FNDA:0,generateDrawdowns
FNDA:0,(anonymous_19)
DA:10,0
DA:11,0
DA:12,0
DA:13,0
DA:14,0
DA:24,0
DA:91,0
DA:92,0
DA:93,0
DA:94,0
DA:95,0
DA:96,0
DA:98,0
DA:100,0
DA:101,0
DA:104,0
DA:105,0
DA:106,0
DA:107,0
DA:111,0
DA:112,0
DA:113,0
DA:115,0
DA:212,0
DA:213,0
DA:214,0
DA:217,0
DA:218,0
DA:224,0
DA:228,0
DA:229,0
DA:235,0
DA:236,0
DA:239,0
DA:240,0
DA:243,0
DA:254,0
DA:284,0
DA:456,0
DA:486,0
DA:586,0
DA:641,0
DA:642,0
DA:643,0
DA:645,0
DA:646,0
DA:648,0
DA:649,0
DA:650,0
DA:653,0
DA:654,0
DA:657,0
DA:658,0
DA:660,0
DA:667,0
DA:671,0
DA:672,0
DA:675,0
DA:676,0
DA:679,0
DA:683,0
DA:684,0
DA:685,0
DA:687,0
DA:688,0
DA:689,0
DA:691,0
DA:692,0
DA:694,0
DA:695,0
DA:696,0
DA:698,0
DA:712,0
DA:716,0
DA:717,0
DA:719,0
DA:720,0
DA:721,0
DA:723,0
DA:724,0
DA:725,0
DA:727,0
DA:728,0
DA:730,0
DA:739,0
LF:85
LH:0
BRDA:105,0,0,0
BRDA:105,1,0,0
BRDA:105,1,1,0
BRDA:107,2,0,0
BRDA:107,2,1,0
BRDA:213,3,0,0
BRDA:243,4,0,0
BRDA:254,5,0,0
BRDA:449,6,0,0
BRDA:467,7,0,0
BRDA:467,7,1,0
BRDA:556,8,0,0
BRDA:588,9,0,0
BRDA:588,9,1,0
BRDA:657,10,0,0
BRDA:657,10,1,0
BRF:16
BRH:0
end_of_record
TN:
SF:src/components/analytics/PerformanceScorecard.tsx
FN:70,(anonymous_6)
FN:95,(anonymous_7)
FN:113,(anonymous_8)
FN:119,(anonymous_9)
FN:131,(anonymous_10)
FN:133,(anonymous_11)
FN:135,(anonymous_12)
FN:140,(anonymous_13)
FN:147,(anonymous_14)
FN:159,(anonymous_15)
FN:176,(anonymous_16)
FN:190,(anonymous_17)
FN:201,(anonymous_18)
FN:206,(anonymous_19)
FN:209,(anonymous_20)
FN:213,(anonymous_21)
FN:217,(anonymous_22)
FN:230,(anonymous_23)
FN:236,(anonymous_24)
FN:245,(anonymous_25)
FN:248,(anonymous_26)
FN:248,(anonymous_27)
FN:249,(anonymous_28)
FN:250,(anonymous_29)
FN:270,(anonymous_30)
FN:281,(anonymous_31)
FN:282,(anonymous_32)
FN:289,(anonymous_33)
FN:294,(anonymous_34)
FN:311,(anonymous_35)
FN:327,(anonymous_36)
FN:335,(anonymous_37)
FN:346,(anonymous_38)
FN:352,(anonymous_39)
FN:355,(anonymous_40)
FN:384,(anonymous_41)
FN:416,(anonymous_42)
FN:421,(anonymous_43)
FN:430,(anonymous_44)
FN:447,(anonymous_45)
FN:517,(anonymous_46)
FN:523,(anonymous_47)
FN:561,(anonymous_48)
FN:597,(anonymous_49)
FNF:44
FNH:6
FNDA:1,(anonymous_6)
FNDA:38,(anonymous_7)
FNDA:38,(anonymous_8)
FNDA:38,(anonymous_9)
FNDA:0,(anonymous_10)
FNDA:0,(anonymous_11)
FNDA:0,(anonymous_12)
FNDA:0,(anonymous_13)
FNDA:0,(anonymous_14)
FNDA:0,(anonymous_15)
FNDA:0,(anonymous_16)
FNDA:0,(anonymous_17)
FNDA:0,(anonymous_18)
FNDA:0,(anonymous_19)
FNDA:0,(anonymous_20)
FNDA:0,(anonymous_21)
FNDA:0,(anonymous_22)
FNDA:0,(anonymous_23)
FNDA:0,(anonymous_24)
FNDA:0,(anonymous_25)
FNDA:0,(anonymous_26)
FNDA:0,(anonymous_27)
FNDA:0,(anonymous_28)
FNDA:0,(anonymous_29)
FNDA:0,(anonymous_30)
FNDA:0,(anonymous_31)
FNDA:0,(anonymous_32)
FNDA:0,(anonymous_33)
FNDA:0,(anonymous_34)
FNDA:0,(anonymous_35)
FNDA:0,(anonymous_36)
FNDA:0,(anonymous_37)
FNDA:38,(anonymous_38)
FNDA:38,(anonymous_39)
FNDA:0,(anonymous_40)
FNDA:0,(anonymous_41)
FNDA:0,(anonymous_42)
FNDA:0,(anonymous_43)
FNDA:0,(anonymous_44)
FNDA:0,(anonymous_45)
FNDA:0,(anonymous_46)
FNDA:0,(anonymous_47)
FNDA:0,(anonymous_48)
FNDA:0,(anonymous_49)
DA:7,1
DA:26,1
DA:30,1
DA:34,1
DA:38,1
DA:49,1
DA:70,1
DA:95,38
DA:113,38
DA:119,38
DA:131,38
DA:132,0
DA:133,0
DA:135,0
DA:138,0
DA:140,0
DA:141,0
DA:142,0
DA:145,0
DA:146,0
DA:147,0
DA:150,0
DA:151,0
DA:152,0
DA:153,0
DA:159,0
DA:160,0
DA:161,0
DA:162,0
DA:164,0
DA:165,0
DA:169,0
DA:170,0
DA:174,0
DA:176,0
DA:187,0
DA:189,0
DA:190,0
DA:196,0
DA:201,38
DA:202,0
DA:206,38
DA:207,0
DA:209,0
DA:210,0
DA:213,0
DA:217,38
DA:218,0
DA:219,0
DA:228,0
DA:230,0
DA:231,0
DA:232,0
DA:233,0
DA:236,0
DA:237,0
DA:238,0
DA:241,0
DA:245,0
DA:248,0
DA:249,0
DA:250,0
DA:253,0
DA:254,0
DA:255,0
DA:256,0
DA:258,0
DA:261,0
DA:270,38
DA:271,0
DA:272,0
DA:273,0
DA:274,0
DA:275,0
DA:276,0
DA:281,38
DA:282,0
DA:283,0
DA:284,0
DA:289,38
DA:290,0
DA:294,38
DA:295,0
DA:296,0
DA:303,0
DA:304,0
DA:306,0
DA:311,38
DA:312,0
DA:314,0
DA:316,0
DA:318,0
DA:320,0
DA:322,0
DA:327,38
DA:328,0
DA:329,0
DA:330,0
DA:331,0
DA:335,38
DA:336,0
DA:337,0
DA:338,0
DA:339,0
DA:340,0
DA:341,0
DA:346,38
DA:347,38
DA:348,0
DA:352,38
DA:353,38
DA:355,0
DA:363,38
DA:375,0
DA:384,0
DA:416,0
DA:422,0
DA:431,0
DA:432,0
DA:433,0
DA:447,0
DA:518,0
DA:523,0
DA:561,0
DA:597,0
LF:125
LH:26
BRDA:70,0,0,1
BRDA:70,0,1,1
BRDA:96,1,0,38
BRDA:97,2,0,0
BRDA:98,3,0,0
BRDA:99,4,0,38
BRDA:100,5,0,38
BRDA:101,6,0,38
BRDA:102,7,0,0
BRDA:103,8,0,0
BRDA:114,9,0,38
BRDA:114,9,1,38
BRDA:115,10,0,38
BRDA:115,10,1,38
BRDA:116,11,0,38
BRDA:116,11,1,38
BRDA:131,12,0,0
BRDA:132,13,0,0
BRDA:132,13,1,0
BRDA:151,14,0,0
BRDA:189,15,0,0
BRDA:189,15,1,0
BRDA:196,16,0,0
BRDA:196,16,1,0
BRDA:207,17,0,0
BRDA:218,18,0,0
BRDA:231,19,0,0
BRDA:253,20,0,0
BRDA:253,20,1,0
BRDA:255,21,0,0
BRDA:255,21,1,0
BRDA:271,22,0,0
BRDA:271,22,1,0
BRDA:271,22,2,0
BRDA:271,22,3,0
BRDA:271,22,4,0
BRDA:283,23,0,0
BRDA:306,24,0,0
BRDA:306,24,1,0
BRDA:312,25,0,0
BRDA:312,25,1,0
BRDA:312,25,2,0
BRDA:312,25,3,0
BRDA:312,25,4,0
BRDA:328,26,0,0
BRDA:329,27,0,0
BRDA:330,28,0,0
BRDA:336,29,0,0
BRDA:336,29,1,0
BRDA:336,29,2,0
BRDA:336,29,3,0
BRDA:336,29,4,0
BRDA:347,30,0,38
BRDA:348,31,0,0
BRDA:348,31,1,0
BRDA:353,32,0,38
BRDA:363,33,0,38
BRDA:375,34,0,0
BRDA:403,35,0,0
BRDA:415,36,0,0
BRDA:415,36,1,0
BRDA:416,37,0,0
BRDA:416,37,1,0
BRDA:431,38,0,0
BRDA:452,39,0,0
BRDA:452,39,1,0
BRDA:458,40,0,0
BRDA:458,40,1,0
BRDA:485,41,0,0
BRDA:485,41,1,0
BRDA:486,42,0,0
BRDA:486,42,1,0
BRDA:513,43,0,0
BRDA:513,43,1,0
BRDA:514,44,0,0
BRDA:514,44,1,0
BRDA:521,45,0,0
BRDA:521,45,1,0
BRDA:527,46,0,0
BRDA:527,46,1,0
BRDA:538,47,0,0
BRDA:538,47,1,0
BRDA:540,48,0,0
BRDA:540,48,1,0
BRDA:543,49,0,0
BRDA:550,50,0,0
BRDA:550,50,1,0
BRDA:558,51,0,0
BRDA:558,51,1,0
BRDA:558,51,2,0
BRDA:563,52,0,0
BRDA:563,52,1,0
BRDA:577,53,0,0
BRDA:577,53,1,0
BRDA:585,54,0,0
BRDA:590,55,0,0
BRDA:590,55,1,0
BRDA:595,56,0,0
BRF:98
BRH:15
end_of_record
TN:
SF:src/components/analytics/ReportsManager.tsx
FN:44,(anonymous_6)
FN:74,(anonymous_7)
FN:85,(anonymous_8)
FN:90,(anonymous_9)
FN:104,(anonymous_10)
FN:123,(anonymous_11)
FN:124,(anonymous_12)
FN:133,(anonymous_13)
FN:138,(anonymous_14)
FN:142,(anonymous_15)
FN:152,(anonymous_16)
FN:157,(anonymous_17)
FN:158,(anonymous_18)
FN:162,(anonymous_19)
FN:169,(anonymous_20)
FN:186,(anonymous_21)
FN:217,(anonymous_22)
FN:221,(anonymous_23)
FN:223,(anonymous_24)
FN:233,(anonymous_25)
FN:241,(anonymous_26)
FN:243,(anonymous_27)
FN:254,(anonymous_28)
FN:255,(anonymous_29)
FN:263,(anonymous_30)
FN:265,(anonymous_31)
FN:271,(anonymous_32)
FN:273,(anonymous_33)
FN:280,(anonymous_34)
FN:284,(anonymous_35)
FN:286,(anonymous_36)
FN:294,(anonymous_37)
FN:298,(anonymous_38)
FN:300,(anonymous_39)
FN:307,(anonymous_40)
FN:311,(anonymous_41)
FN:313,(anonymous_42)
FN:321,(anonymous_43)
FN:332,(anonymous_44)
FN:337,(anonymous_45)
FN:400,(anonymous_46)
FN:411,(anonymous_47)
FN:424,(anonymous_48)
FN:468,(anonymous_49)
FN:509,(anonymous_50)
FN:517,(anonymous_51)
FN:524,(anonymous_52)
FN:525,(anonymous_53)
FN:534,(anonymous_54)
FN:542,(anonymous_55)
FN:550,(anonymous_56)
FN:568,(anonymous_57)
FN:584,(anonymous_58)
FN:603,(anonymous_59)
FN:603,(anonymous_60)
FN:617,(anonymous_61)
FN:617,(anonymous_62)
FN:621,(anonymous_63)
FN:637,(anonymous_64)
FN:637,(anonymous_65)
FN:653,(anonymous_66)
FN:653,(anonymous_67)
FN:658,(anonymous_68)
FN:676,(anonymous_69)
FN:676,(anonymous_70)
FN:692,(anonymous_71)
FN:692,(anonymous_72)
FN:708,(anonymous_73)
FN:708,(anonymous_74)
FN:725,(anonymous_75)
FN:753,(anonymous_76)
FN:766,(anonymous_77)
FN:767,(anonymous_78)
FN:788,(anonymous_79)
FN:813,(anonymous_80)
FNF:75
FNH:52
FNDA:2,(anonymous_6)
FNDA:148,(anonymous_7)
FNDA:35,(anonymous_8)
FNDA:35,(anonymous_9)
FNDA:35,(anonymous_10)
FNDA:36,(anonymous_11)
FNDA:36,(anonymous_12)
FNDA:32,(anonymous_13)
FNDA:32,(anonymous_14)
FNDA:3,(anonymous_15)
FNDA:35,(anonymous_16)
FNDA:5,(anonymous_17)
FNDA:5,(anonymous_18)
FNDA:2,(anonymous_19)
FNDA:2,(anonymous_20)
FNDA:1,(anonymous_21)
FNDA:0,(anonymous_22)
FNDA:0,(anonymous_23)
FNDA:0,(anonymous_24)
FNDA:1,(anonymous_25)
FNDA:1,(anonymous_26)
FNDA:2,(anonymous_27)
FNDA:2,(anonymous_28)
FNDA:2,(anonymous_29)
FNDA:4,(anonymous_30)
FNDA:4,(anonymous_31)
FNDA:0,(anonymous_32)
FNDA:0,(anonymous_33)
FNDA:0,(anonymous_34)
FNDA:0,(anonymous_35)
FNDA:0,(anonymous_36)
FNDA:1,(anonymous_37)
FNDA:1,(anonymous_38)
FNDA:2,(anonymous_39)
FNDA:0,(anonymous_40)
FNDA:0,(anonymous_41)
FNDA:0,(anonymous_42)
FNDA:1,(anonymous_43)
FNDA:63,(anonymous_44)
FNDA:60,(anonymous_45)
FNDA:1,(anonymous_46)
FNDA:1,(anonymous_47)
FNDA:1,(anonymous_48)
FNDA:60,(anonymous_49)
FNDA:2,(anonymous_50)
FNDA:1,(anonymous_51)
FNDA:1,(anonymous_52)
FNDA:1,(anonymous_53)
FNDA:1,(anonymous_54)
FNDA:0,(anonymous_55)
FNDA:1,(anonymous_56)
FNDA:0,(anonymous_57)
FNDA:0,(anonymous_58)
FNDA:23,(anonymous_59)
FNDA:23,(anonymous_60)
FNDA:0,(anonymous_61)
FNDA:0,(anonymous_62)
FNDA:190,(anonymous_63)
FNDA:0,(anonymous_64)
FNDA:0,(anonymous_65)
FNDA:2,(anonymous_66)
FNDA:2,(anonymous_67)
FNDA:38,(anonymous_68)
FNDA:1,(anonymous_69)
FNDA:1,(anonymous_70)
FNDA:0,(anonymous_71)
FNDA:0,(anonymous_72)
FNDA:0,(anonymous_73)
FNDA:0,(anonymous_74)
FNDA:1,(anonymous_75)
FNDA:4,(anonymous_76)
FNDA:1,(anonymous_77)
FNDA:1,(anonymous_78)
FNDA:0,(anonymous_79)
FNDA:74,(anonymous_80)
DA:7,2
DA:11,2
DA:15,2
DA:30,2
DA:44,2
DA:74,36
DA:85,148
DA:90,148
DA:104,148
DA:123,148
DA:124,36
DA:126,36
DA:127,36
DA:133,33
DA:138,32
DA:141,3
DA:142,3
DA:147,3
DA:152,148
DA:153,35
DA:157,148
DA:158,5
DA:162,148
DA:163,2
DA:164,0
DA:165,0
DA:168,2
DA:169,2
DA:170,2
DA:171,0
DA:174,2
DA:184,2
DA:186,1
DA:193,1
DA:211,1
DA:213,1
DA:217,148
DA:218,0
DA:219,0
DA:221,0
DA:223,0
DA:227,0
DA:229,0
DA:233,148
DA:234,1
DA:235,0
DA:238,1
DA:239,1
DA:241,1
DA:243,2
DA:247,1
DA:249,0
DA:254,148
DA:255,2
DA:260,2
DA:261,2
DA:263,4
DA:265,4
DA:269,2
DA:271,0
DA:273,0
DA:275,0
DA:280,148
DA:281,0
DA:282,0
DA:284,0
DA:286,0
DA:290,0
DA:294,148
DA:295,1
DA:296,1
DA:298,1
DA:300,2
DA:303,0
DA:307,148
DA:308,0
DA:309,0
DA:311,0
DA:313,0
DA:316,0
DA:321,148
DA:322,1
DA:323,1
DA:325,1
DA:327,0
DA:332,148
DA:333,63
DA:337,148
DA:338,60
DA:340,29
DA:342,1
DA:344,30
DA:346,0
DA:348,0
DA:350,0
DA:355,148
DA:367,77
DA:400,1
DA:411,1
DA:424,1
DA:469,60
DA:509,2
DA:517,1
DA:525,1
DA:534,1
DA:542,0
DA:550,1
DA:568,0
DA:584,0
DA:603,23
DA:617,0
DA:622,190
DA:637,0
DA:653,2
DA:659,38
DA:676,1
DA:692,0
DA:708,0
DA:725,1
DA:754,4
DA:767,1
DA:768,1
DA:788,0
DA:814,74
LF:124
LH:87
BRDA:44,0,0,2
BRDA:44,0,1,2
BRDA:75,1,0,145
BRDA:76,2,0,82
BRDA:86,3,0,35
BRDA:86,3,1,1
BRDA:87,4,0,35
BRDA:87,4,1,1
BRDA:141,5,0,3
BRDA:141,5,1,0
BRDA:147,6,0,1
BRDA:147,6,1,0
BRDA:163,7,0,0
BRDA:163,8,0,2
BRDA:163,8,1,2
BRDA:170,9,0,0
BRDA:213,10,0,1
BRDA:213,10,1,0
BRDA:223,11,0,0
BRDA:223,11,1,0
BRDA:229,12,0,0
BRDA:229,12,1,0
BRDA:234,13,0,0
BRDA:244,14,0,0
BRDA:244,14,1,1
BRDA:249,15,0,0
BRDA:249,15,1,0
BRDA:275,16,0,0
BRDA:275,16,1,0
BRDA:286,17,0,0
BRDA:286,17,1,0
BRDA:290,18,0,0
BRDA:290,18,1,0
BRDA:300,19,0,1
BRDA:300,19,1,1
BRDA:303,20,0,0
BRDA:303,20,1,0
BRDA:313,21,0,0
BRDA:313,21,1,0
BRDA:316,22,0,0
BRDA:316,22,1,0
BRDA:327,23,0,0
BRDA:327,23,1,0
BRDA:333,24,0,63
BRDA:333,24,1,25
BRDA:338,25,0,29
BRDA:338,25,1,1
BRDA:338,25,2,30
BRDA:338,25,3,0
BRDA:338,25,4,0
BRDA:338,25,5,0
BRDA:355,26,0,71
BRDA:367,27,0,3
BRDA:402,28,0,31
BRDA:402,28,1,43
BRDA:413,29,0,4
BRDA:413,29,1,70
BRDA:436,30,0,74
BRDA:443,31,0,30
BRDA:492,32,0,30
BRDA:494,33,0,30
BRDA:505,34,0,60
BRDA:505,34,1,30
BRDA:514,35,0,2
BRDA:514,35,1,58
BRDA:532,36,0,30
BRDA:532,36,1,30
BRDA:540,37,0,0
BRDA:540,37,1,30
BRDA:579,38,0,74
BRDA:746,39,0,74
BRDA:783,40,0,74
BRDA:783,40,1,1
BRDA:806,41,0,74
BRDA:823,42,0,70
BRDA:823,42,1,0
BRDA:824,43,0,0
BRDA:824,43,1,0
BRDA:825,44,0,0
BRDA:825,44,1,0
BRDA:830,45,0,70
BRF:81
BRH:45
end_of_record
TN:
SF:src/components/analytics/index.ts
FNF:0
FNH:0
DA:7,0
DA:10,0
DA:13,0
DA:16,0
DA:19,0
LF:5
LH:0
BRF:0
BRH:0
end_of_record
TN:
SF:src/components/auth/LoginForm.tsx
FN:33,LoginForm
FN:45,(anonymous_3)
FN:85,(anonymous_4)
FN:86,(anonymous_5)
FN:114,(anonymous_6)
FN:133,(anonymous_7)
FN:140,(anonymous_8)
FN:158,(anonymous_9)
FNF:8
FNH:0
FNDA:0,LoginForm
FNDA:0,(anonymous_3)
FNDA:0,(anonymous_4)
FNDA:0,(anonymous_5)
FNDA:0,(anonymous_6)
FNDA:0,(anonymous_7)
FNDA:0,(anonymous_8)
FNDA:0,(anonymous_9)
DA:9,0
DA:10,0
DA:11,0
DA:12,0
DA:13,0
DA:20,0
DA:33,0
DA:34,0
DA:39,0
DA:40,0
DA:41,0
DA:43,0
DA:45,0
DA:46,0
DA:47,0
DA:48,0
DA:50,0
DA:51,0
DA:57,0
DA:60,0
DA:61,0
DA:62,0
DA:65,0
DA:71,0
DA:72,0
DA:74,0
DA:78,0
DA:79,0
DA:81,0
DA:85,0
DA:86,0
DA:87,0
DA:90,0
DA:114,0
DA:133,0
DA:140,0
DA:158,0
LF:37
LH:0
BRDA:33,0,0,0
BRDA:61,1,0,0
BRDA:71,2,0,0
BRDA:71,2,1,0
BRDA:79,3,0,0
BRDA:79,3,1,0
BRDA:87,4,0,0
BRDA:90,5,0,0
BRDA:90,5,1,0
BRDA:131,6,0,0
BRDA:131,6,1,0
BRDA:144,7,0,0
BRDA:173,8,0,0
BRDA:183,9,0,0
BRDA:183,9,1,0
BRDA:186,10,0,0
BRDA:186,10,1,0
BRF:17
BRH:0
end_of_record
TN:
SF:src/components/auth/RegisterForm.tsx
FN:46,RegisterForm
FN:63,(anonymous_3)
FN:124,(anonymous_4)
FN:125,(anonymous_5)
FN:155,(anonymous_6)
FN:174,(anonymous_7)
FN:190,(anonymous_8)
FN:195,(anonymous_9)
FN:214,(anonymous_10)
FN:223,(anonymous_11)
FN:258,(anonymous_12)
FN:267,(anonymous_13)
FN:297,(anonymous_14)
FN:317,(anonymous_15)
FNF:14
FNH:0
FNDA:0,RegisterForm
FNDA:0,(anonymous_3)
FNDA:0,(anonymous_4)
FNDA:0,(anonymous_5)
FNDA:0,(anonymous_6)
FNDA:0,(anonymous_7)
FNDA:0,(anonymous_8)
FNDA:0,(anonymous_9)
FNDA:0,(anonymous_10)
FNDA:0,(anonymous_11)
FNDA:0,(anonymous_12)
FNDA:0,(anonymous_13)
FNDA:0,(anonymous_14)
FNDA:0,(anonymous_15)
DA:9,0
DA:10,0
DA:11,0
DA:12,0
DA:13,0
DA:22,0
DA:39,0
DA:46,0
DA:47,0
DA:56,0
DA:57,0
DA:58,0
DA:59,0
DA:61,0
DA:63,0
DA:64,0
DA:65,0
DA:66,0
DA:69,0
DA:70,0
DA:71,0
DA:72,0
DA:75,0
DA:76,0
DA:77,0
DA:78,0
DA:81,0
DA:82,0
DA:83,0
DA:84,0
DA:87,0
DA:88,0
DA:96,0
DA:99,0
DA:100,0
DA:101,0
DA:104,0
DA:110,0
DA:111,0
DA:113,0
DA:117,0
DA:118,0
DA:120,0
DA:124,0
DA:125,0
DA:126,0
DA:129,0
DA:130,0
DA:131,0
DA:155,0
DA:174,0
DA:190,0
DA:196,0
DA:214,0
DA:223,0
DA:258,0
DA:267,0
DA:297,0
DA:317,0
LF:59
LH:0
BRDA:46,0,0,0
BRDA:69,1,0,0
BRDA:75,2,0,0
BRDA:81,3,0,0
BRDA:100,4,0,0
BRDA:110,5,0,0
BRDA:110,5,1,0
BRDA:118,6,0,0
BRDA:118,6,1,0
BRDA:126,7,0,0
BRDA:130,8,0,0
BRDA:130,8,1,0
BRDA:131,9,0,0
BRDA:131,9,1,0
BRDA:131,9,2,0
BRDA:131,9,3,0
BRDA:131,9,4,0
BRDA:212,10,0,0
BRDA:212,10,1,0
BRDA:216,11,0,0
BRDA:216,11,1,0
BRDA:216,12,0,0
BRDA:216,12,1,0
BRDA:227,13,0,0
BRDA:233,14,0,0
BRDA:236,15,0,0
BRDA:240,16,0,0
BRDA:240,16,1,0
BRDA:256,17,0,0
BRDA:256,17,1,0
BRDA:260,18,0,0
BRDA:260,18,1,0
BRDA:260,19,0,0
BRDA:260,19,1,0
BRDA:271,20,0,0
BRDA:277,21,0,0
BRDA:280,22,0,0
BRDA:284,23,0,0
BRDA:284,23,1,0
BRDA:327,24,0,0
BRDA:337,25,0,0
BRDA:337,25,1,0
BRDA:340,26,0,0
BRDA:340,26,1,0
BRF:44
BRH:0
end_of_record
TN:
SF:src/components/auth/index.ts
FNF:0
FNH:0
DA:7,0
DA:8,0
LF:2
LH:0
BRF:0
BRH:0
end_of_record
TN:
SF:src/components/backtesting/BacktestCard.tsx
FN:33,(anonymous_1)
FN:44,(anonymous_2)
FN:50,BacktestCard
FN:62,(anonymous_4)
FN:99,(anonymous_5)
FN:99,(anonymous_6)
FN:114,(anonymous_7)
FN:114,(anonymous_8)
FN:129,(anonymous_9)
FN:138,(anonymous_10)
FN:138,(anonymous_11)
FN:152,(anonymous_12)
FN:152,(anonymous_13)
FN:166,(anonymous_14)
FN:166,(anonymous_15)
FNF:15
FNH:0
FNDA:0,(anonymous_1)
FNDA:0,(anonymous_2)
FNDA:0,BacktestCard
FNDA:0,(anonymous_4)
FNDA:0,(anonymous_5)
FNDA:0,(anonymous_6)
FNDA:0,(anonymous_7)
FNDA:0,(anonymous_8)
FNDA:0,(anonymous_9)
FNDA:0,(anonymous_10)
FNDA:0,(anonymous_11)
FNDA:0,(anonymous_12)
FNDA:0,(anonymous_13)
FNDA:0,(anonymous_14)
FNDA:0,(anonymous_15)
DA:9,0
DA:10,0
DA:20,0
DA:33,0
DA:34,0
DA:35,0
DA:36,0
DA:37,0
DA:38,0
DA:39,0
DA:40,0
DA:44,0
DA:45,0
DA:46,0
DA:47,0
DA:50,0
DA:60,0
DA:62,0
DA:63,0
DA:64,0
DA:65,0
DA:66,0
DA:69,0
DA:73,0
DA:74,0
DA:75,0
DA:99,0
DA:114,0
DA:129,0
DA:138,0
DA:152,0
DA:166,0
LF:32
LH:0
BRDA:34,0,0,0
BRDA:34,0,1,0
BRDA:34,0,2,0
BRDA:34,0,3,0
BRDA:34,0,4,0
BRDA:34,0,5,0
BRDA:45,1,0,0
BRDA:46,2,0,0
BRDA:58,3,0,0
BRDA:65,4,0,0
BRDA:75,5,0,0
BRDA:75,5,1,0
BRDA:97,6,0,0
BRDA:105,7,0,0
BRDA:112,8,0,0
BRDA:120,9,0,0
BRDA:127,10,0,0
BRDA:144,11,0,0
BRDA:150,12,0,0
BRDA:158,13,0,0
BRDA:172,14,0,0
BRDA:182,15,0,0
BRDA:182,15,1,0
BRDA:198,16,0,0
BRDA:198,16,1,0
BRDA:264,17,0,0
BRDA:270,18,0,0
BRF:27
BRH:0
end_of_record
TN:
SF:src/components/backtesting/BacktestingWorkbench.tsx
FN:50,BacktestingWorkbench
FN:73,(anonymous_3)
FN:77,(anonymous_4)
FN:94,(anonymous_5)
FN:100,(anonymous_6)
FN:133,(anonymous_7)
FN:139,(anonymous_8)
FN:139,(anonymous_9)
FN:162,(anonymous_10)
FN:166,(anonymous_11)
FN:166,(anonymous_12)
FN:182,(anonymous_13)
FN:194,(anonymous_14)
FN:206,(anonymous_15)
FN:213,(anonymous_16)
FN:213,(anonymous_17)
FN:225,(anonymous_18)
FN:247,(anonymous_19)
FN:249,(anonymous_20)
FN:250,(anonymous_21)
FN:253,(anonymous_22)
FN:254,(anonymous_23)
FN:274,(anonymous_24)
FN:343,(anonymous_25)
FN:351,(anonymous_26)
FN:357,(anonymous_27)
FN:427,(anonymous_28)
FN:427,(anonymous_29)
FN:437,(anonymous_30)
FN:437,(anonymous_31)
FN:449,(anonymous_32)
FN:449,(anonymous_33)
FN:453,(anonymous_34)
FN:465,(anonymous_35)
FN:465,(anonymous_36)
FN:476,(anonymous_37)
FN:476,(anonymous_38)
FN:494,(anonymous_39)
FN:494,(anonymous_40)
FN:508,(anonymous_41)
FN:508,(anonymous_42)
FN:518,(anonymous_43)
FN:518,(anonymous_44)
FN:530,(anonymous_45)
FN:530,(anonymous_46)
FN:543,(anonymous_47)
FN:543,(anonymous_48)
FN:556,(anonymous_49)
FNF:48
FNH:0
FNDA:0,BacktestingWorkbench
FNDA:0,(anonymous_3)
FNDA:0,(anonymous_4)
FNDA:0,(anonymous_5)
FNDA:0,(anonymous_6)
FNDA:0,(anonymous_7)
FNDA:0,(anonymous_8)
FNDA:0,(anonymous_9)
FNDA:0,(anonymous_10)
FNDA:0,(anonymous_11)
FNDA:0,(anonymous_12)
FNDA:0,(anonymous_13)
FNDA:0,(anonymous_14)
FNDA:0,(anonymous_15)
FNDA:0,(anonymous_16)
FNDA:0,(anonymous_17)
FNDA:0,(anonymous_18)
FNDA:0,(anonymous_19)
FNDA:0,(anonymous_20)
FNDA:0,(anonymous_21)
FNDA:0,(anonymous_22)
FNDA:0,(anonymous_23)
FNDA:0,(anonymous_24)
FNDA:0,(anonymous_25)
FNDA:0,(anonymous_26)
FNDA:0,(anonymous_27)
FNDA:0,(anonymous_28)
FNDA:0,(anonymous_29)
FNDA:0,(anonymous_30)
FNDA:0,(anonymous_31)
FNDA:0,(anonymous_32)
FNDA:0,(anonymous_33)
FNDA:0,(anonymous_34)
FNDA:0,(anonymous_35)
FNDA:0,(anonymous_36)
FNDA:0,(anonymous_37)
FNDA:0,(anonymous_38)
FNDA:0,(anonymous_39)
FNDA:0,(anonymous_40)
FNDA:0,(anonymous_41)
FNDA:0,(anonymous_42)
FNDA:0,(anonymous_43)
FNDA:0,(anonymous_44)
FNDA:0,(anonymous_45)
FNDA:0,(anonymous_46)
FNDA:0,(anonymous_47)
FNDA:0,(anonymous_48)
FNDA:0,(anonymous_49)
DA:9,0
DA:10,0
DA:11,0
DA:12,0
DA:13,0
DA:14,0
DA:15,0
DA:26,0
DA:42,0
DA:50,0
DA:51,0
DA:52,0
DA:53,0
DA:54,0
DA:55,0
DA:56,0
DA:70,0
DA:73,0
DA:74,0
DA:77,0
DA:78,0
DA:79,0
DA:80,0
DA:81,0
DA:83,0
DA:84,0
DA:90,0
DA:94,0
DA:95,0
DA:96,0
DA:97,0
DA:98,0
DA:100,0
DA:101,0
DA:102,0
DA:116,0
DA:122,0
DA:123,0
DA:129,0
DA:133,0
DA:134,0
DA:135,0
DA:136,0
DA:139,0
DA:140,0
DA:145,0
DA:151,0
DA:152,0
DA:158,0
DA:162,0
DA:163,0
DA:164,0
DA:166,0
DA:167,0
DA:172,0
DA:178,0
DA:182,0
DA:183,0
DA:191,0
DA:192,0
DA:193,0
DA:194,0
DA:196,0
DA:202,0
DA:206,0
DA:207,0
DA:208,0
DA:211,0
DA:212,0
DA:213,0
DA:215,0
DA:221,0
DA:225,0
DA:226,0
DA:227,0
DA:231,0
DA:232,0
DA:233,0
DA:234,0
DA:235,0
DA:237,0
DA:243,0
DA:247,0
DA:248,0
DA:249,0
DA:250,0
DA:251,0
DA:253,0
DA:254,0
DA:257,0
DA:260,0
DA:274,0
DA:343,0
DA:352,0
DA:357,0
DA:427,0
DA:437,0
DA:449,0
DA:454,0
DA:465,0
DA:476,0
DA:494,0
DA:508,0
DA:518,0
DA:530,0
DA:543,0
DA:556,0
LF:107
LH:0
BRDA:81,0,0,0
BRDA:81,0,1,0
BRDA:140,1,0,0
BRDA:140,1,1,0
BRDA:167,2,0,0
BRDA:167,2,1,0
BRDA:207,3,0,0
BRDA:251,4,0,0
BRDA:251,4,1,0
BRDA:253,5,0,0
BRDA:253,5,1,0
BRDA:254,6,0,0
BRDA:254,6,1,0
BRDA:298,7,0,0
BRDA:298,7,1,0
BRDA:299,8,0,0
BRDA:299,8,1,0
BRDA:331,9,0,0
BRDA:330,10,0,0
BRDA:330,10,1,0
BRDA:338,11,0,0
BRDA:413,12,0,0
BRDA:562,13,0,0
BRDA:562,13,1,0
BRDA:562,13,2,0
BRDA:566,14,0,0
BRF:26
BRH:0
end_of_record
TN:
SF:src/components/backtesting/GeneticAlgorithm.tsx
FN:49,GeneticAlgorithm
FN:73,(anonymous_2)
FN:77,(anonymous_3)
FN:82,(anonymous_4)
FN:85,(anonymous_5)
FN:97,(anonymous_6)
FN:106,(anonymous_7)
FN:115,(anonymous_8)
FN:120,(anonymous_9)
FN:121,(anonymous_10)
FN:127,(anonymous_11)
FN:131,(anonymous_12)
FN:138,(anonymous_13)
FN:166,(anonymous_14)
FN:232,(anonymous_15)
FN:245,(anonymous_16)
FN:258,(anonymous_17)
FN:287,(anonymous_18)
FN:305,(anonymous_19)
FN:322,(anonymous_20)
FN:348,(anonymous_21)
FN:364,(anonymous_22)
FN:380,(anonymous_23)
FN:398,(anonymous_24)
FN:412,(anonymous_25)
FN:433,(anonymous_26)
FN:452,(anonymous_27)
FN:465,(anonymous_28)
FNF:28
FNH:0
FNDA:0,GeneticAlgorithm
FNDA:0,(anonymous_2)
FNDA:0,(anonymous_3)
FNDA:0,(anonymous_4)
FNDA:0,(anonymous_5)
FNDA:0,(anonymous_6)
FNDA:0,(anonymous_7)
FNDA:0,(anonymous_8)
FNDA:0,(anonymous_9)
FNDA:0,(anonymous_10)
FNDA:0,(anonymous_11)
FNDA:0,(anonymous_12)
FNDA:0,(anonymous_13)
FNDA:0,(anonymous_14)
FNDA:0,(anonymous_15)
FNDA:0,(anonymous_16)
FNDA:0,(anonymous_17)
FNDA:0,(anonymous_18)
FNDA:0,(anonymous_19)
FNDA:0,(anonymous_20)
FNDA:0,(anonymous_21)
FNDA:0,(anonymous_22)
FNDA:0,(anonymous_23)
FNDA:0,(anonymous_24)
FNDA:0,(anonymous_25)
FNDA:0,(anonymous_26)
FNDA:0,(anonymous_27)
FNDA:0,(anonymous_28)
DA:9,0
DA:10,0
DA:19,0
DA:49,0
DA:55,0
DA:69,0
DA:70,0
DA:71,0
DA:73,0
DA:74,0
DA:77,0
DA:78,0
DA:79,0
DA:82,0
DA:83,0
DA:85,0
DA:86,0
DA:87,0
DA:94,0
DA:97,0
DA:98,0
DA:99,0
DA:102,0
DA:103,0
DA:106,0
DA:107,0
DA:115,0
DA:116,0
DA:117,0
DA:120,0
DA:121,0
DA:127,0
DA:128,0
DA:131,0
DA:132,0
DA:133,0
DA:134,0
DA:135,0
DA:138,0
DA:139,0
DA:163,0
DA:166,0
DA:167,0
DA:170,0
DA:232,0
DA:245,0
DA:258,0
DA:287,0
DA:305,0
DA:322,0
DA:348,0
DA:364,0
DA:380,0
DA:398,0
DA:412,0
DA:434,0
DA:435,0
DA:437,0
DA:452,0
DA:465,0
LF:60
LH:0
BRDA:86,0,0,0
BRDA:132,1,0,0
BRDA:133,2,0,0
BRDA:134,3,0,0
BRDA:163,4,0,0
BRDA:163,4,1,0
BRDA:170,5,0,0
BRDA:170,5,1,0
BRDA:170,5,2,0
BRDA:205,6,0,0
BRDA:205,6,1,0
BRDA:209,7,0,0
BRDA:232,8,0,0
BRDA:232,8,1,0
BRDA:245,9,0,0
BRDA:245,9,1,0
BRDA:406,10,0,0
BRDA:412,11,0,0
BRDA:412,11,1,0
BRDA:432,12,0,0
BRDA:435,13,0,0
BRDA:435,13,1,0
BRDA:454,14,0,0
BRDA:454,14,1,0
BRDA:467,15,0,0
BRDA:467,15,1,0
BRF:26
BRH:0
end_of_record
TN:
SF:src/components/backtesting/GridSearchConfig.tsx
FN:45,GridSearchConfig
FN:56,(anonymous_2)
FN:60,(anonymous_3)
FN:64,(anonymous_4)
FN:67,(anonymous_5)
FN:95,(anonymous_6)
FN:101,(anonymous_7)
FN:116,(anonymous_8)
FN:119,(anonymous_9)
FN:139,(anonymous_10)
FN:149,(anonymous_11)
FN:157,(anonymous_12)
FN:183,(anonymous_13)
FN:188,(anonymous_14)
FN:195,(anonymous_15)
FN:246,(anonymous_16)
FN:276,(anonymous_17)
FN:284,(anonymous_18)
FN:308,(anonymous_19)
FN:318,(anonymous_20)
FN:328,(anonymous_21)
FN:341,(anonymous_22)
FNF:22
FNH:0
FNDA:0,GridSearchConfig
FNDA:0,(anonymous_2)
FNDA:0,(anonymous_3)
FNDA:0,(anonymous_4)
FNDA:0,(anonymous_5)
FNDA:0,(anonymous_6)
FNDA:0,(anonymous_7)
FNDA:0,(anonymous_8)
FNDA:0,(anonymous_9)
FNDA:0,(anonymous_10)
FNDA:0,(anonymous_11)
FNDA:0,(anonymous_12)
FNDA:0,(anonymous_13)
FNDA:0,(anonymous_14)
FNDA:0,(anonymous_15)
FNDA:0,(anonymous_16)
FNDA:0,(anonymous_17)
FNDA:0,(anonymous_18)
FNDA:0,(anonymous_19)
FNDA:0,(anonymous_20)
FNDA:0,(anonymous_21)
FNDA:0,(anonymous_22)
DA:9,0
DA:10,0
DA:18,0
DA:45,0
DA:51,0
DA:52,0
DA:53,0
DA:54,0
DA:56,0
DA:57,0
DA:60,0
DA:61,0
DA:64,0
DA:65,0
DA:67,0
DA:68,0
DA:76,0
DA:77,0
DA:78,0
DA:79,0
DA:80,0
DA:81,0
DA:82,0
DA:83,0
DA:84,0
DA:85,0
DA:86,0
DA:89,0
DA:92,0
DA:95,0
DA:96,0
DA:97,0
DA:98,0
DA:101,0
DA:103,0
DA:113,0
DA:116,0
DA:117,0
DA:119,0
DA:120,0
DA:121,0
DA:122,0
DA:123,0
DA:124,0
DA:125,0
DA:126,0
DA:127,0
DA:132,0
DA:135,0
DA:136,0
DA:139,0
DA:140,0
DA:141,0
DA:142,0
DA:145,0
DA:146,0
DA:149,0
DA:150,0
DA:157,0
DA:158,0
DA:159,0
DA:160,0
DA:166,0
DA:167,0
DA:171,0
DA:172,0
DA:180,0
DA:183,0
DA:184,0
DA:185,0
DA:188,0
DA:189,0
DA:190,0
DA:191,0
DA:192,0
DA:195,0
DA:196,0
DA:246,0
DA:277,0
DA:284,0
DA:308,0
DA:318,0
DA:328,0
DA:342,0
LF:84
LH:0
BRDA:76,0,0,0
BRDA:76,0,1,0
BRDA:81,1,0,0
BRDA:81,1,1,0
BRDA:84,2,0,0
BRDA:96,3,0,0
BRDA:97,4,0,0
BRDA:113,5,0,0
BRDA:113,5,1,0
BRDA:120,6,0,0
BRDA:121,7,0,0
BRDA:121,7,1,0
BRDA:121,8,0,0
BRDA:121,8,1,0
BRDA:121,8,2,0
BRDA:121,8,3,0
BRDA:124,9,0,0
BRDA:124,9,1,0
BRDA:124,10,0,0
BRDA:124,10,1,0
BRDA:126,11,0,0
BRDA:158,12,0,0
BRDA:159,13,0,0
BRDA:159,13,1,0
BRDA:166,14,0,0
BRDA:166,14,1,0
BRDA:171,15,0,0
BRDA:189,16,0,0
BRDA:190,17,0,0
BRDA:191,18,0,0
BRDA:196,19,0,0
BRDA:196,19,1,0
BRDA:196,19,2,0
BRDA:228,20,0,0
BRDA:246,21,0,0
BRDA:246,21,1,0
BRDA:255,22,0,0
BRDA:255,22,1,0
BRDA:259,23,0,0
BRDA:299,24,0,0
BRDA:301,25,0,0
BRDA:307,26,0,0
BRDA:307,26,1,0
BRDA:308,27,0,0
BRDA:308,27,1,0
BRDA:317,28,0,0
BRDA:317,28,1,0
BRDA:318,29,0,0
BRDA:318,29,1,0
BRDA:327,30,0,0
BRDA:327,30,1,0
BRDA:328,31,0,0
BRDA:328,31,1,0
BRDA:337,32,0,0
BRDA:355,33,0,0
BRDA:361,34,0,0
BRDA:361,34,1,0
BRDA:361,34,2,0
BRDA:361,34,3,0
BRDA:375,35,0,0
BRF:60
BRH:0
end_of_record
TN:
SF:src/components/backtesting/OptimizationResults.tsx
FN:66,OptimizationResults
FN:78,(anonymous_2)
FN:80,(anonymous_3)
FN:90,(anonymous_4)
FN:100,(anonymous_5)
FN:104,(anonymous_6)
FN:133,(anonymous_7)
FN:134,(anonymous_8)
FN:163,(anonymous_9)
FN:175,(anonymous_10)
FN:200,(anonymous_11)
FN:211,(anonymous_12)
FN:250,(anonymous_13)
FN:265,(anonymous_14)
FN:277,(anonymous_15)
FN:301,(anonymous_16)
FN:320,(anonymous_17)
FN:339,(anonymous_18)
FN:408,(anonymous_19)
FN:415,(anonymous_20)
FNF:20
FNH:0
FNDA:0,OptimizationResults
FNDA:0,(anonymous_2)
FNDA:0,(anonymous_3)
FNDA:0,(anonymous_4)
FNDA:0,(anonymous_5)
FNDA:0,(anonymous_6)
FNDA:0,(anonymous_7)
FNDA:0,(anonymous_8)
FNDA:0,(anonymous_9)
FNDA:0,(anonymous_10)
FNDA:0,(anonymous_11)
FNDA:0,(anonymous_12)
FNDA:0,(anonymous_13)
FNDA:0,(anonymous_14)
FNDA:0,(anonymous_15)
FNDA:0,(anonymous_16)
FNDA:0,(anonymous_17)
FNDA:0,(anonymous_18)
FNDA:0,(anonymous_19)
FNDA:0,(anonymous_20)
DA:9,0
DA:10,0
DA:23,0
DA:66,0
DA:72,0
DA:73,0
DA:74,0
DA:75,0
DA:77,0
DA:78,0
DA:80,0
DA:81,0
DA:82,0
DA:83,0
DA:85,0
DA:86,0
DA:87,0
DA:90,0
DA:91,0
DA:92,0
DA:93,0
DA:94,0
DA:95,0
DA:96,0
DA:100,0
DA:101,0
DA:104,0
DA:105,0
DA:107,0
DA:122,0
DA:123,0
DA:124,0
DA:125,0
DA:126,0
DA:127,0
DA:128,0
DA:129,0
DA:130,0
DA:133,0
DA:134,0
DA:137,0
DA:139,0
DA:140,0
DA:141,0
DA:143,0
DA:144,0
DA:145,0
DA:147,0
DA:148,0
DA:149,0
DA:151,0
DA:152,0
DA:153,0
DA:155,0
DA:156,0
DA:159,0
DA:163,0
DA:164,0
DA:166,0
DA:167,0
DA:169,0
DA:175,0
DA:201,0
DA:202,0
DA:212,0
DA:213,0
DA:250,0
DA:251,0
DA:253,0
DA:265,0
DA:277,0
DA:302,0
DA:320,0
DA:340,0
DA:408,0
DA:415,0
LF:76
LH:0
BRDA:77,0,0,0
BRDA:77,0,1,0
BRDA:78,1,0,0
BRDA:78,1,1,0
BRDA:82,2,0,0
BRDA:82,2,1,0
BRDA:85,3,0,0
BRDA:86,4,0,0
BRDA:91,5,0,0
BRDA:91,5,1,0
BRDA:91,5,2,0
BRDA:91,5,3,0
BRDA:91,5,4,0
BRDA:101,6,0,0
BRDA:101,6,1,0
BRDA:105,7,0,0
BRDA:137,8,0,0
BRDA:137,8,1,0
BRDA:137,8,2,0
BRDA:137,8,3,0
BRDA:137,8,4,0
BRDA:159,9,0,0
BRDA:159,9,1,0
BRDA:164,10,0,0
BRDA:173,11,0,0
BRDA:173,11,1,0
BRDA:175,12,0,0
BRDA:175,12,1,0
BRDA:184,13,0,0
BRDA:184,13,1,0
BRDA:251,14,0,0
BRDA:259,15,0,0
BRDA:259,15,1,0
BRDA:277,16,0,0
BRDA:277,16,1,0
BRDA:280,17,0,0
BRDA:302,18,0,0
BRDA:302,18,1,0
BRDA:305,19,0,0
BRDA:310,20,0,0
BRDA:310,20,1,0
BRDA:335,21,0,0
BRDA:355,22,0,0
BRDA:354,23,0,0
BRDA:354,23,1,0
BRDA:365,24,0,0
BRDA:365,24,1,0
BRDA:384,25,0,0
BRDA:384,25,1,0
BRDA:407,26,0,0
BRDA:407,26,1,0
BRDA:414,27,0,0
BRDA:414,27,1,0
BRDA:424,28,0,0
BRDA:428,29,0,0
BRF:55
BRH:0
end_of_record
TN:
SF:src/components/backtesting/OptimizationWorkbench.tsx
FN:73,OptimizationWorkbench
FN:85,(anonymous_3)
FN:90,(anonymous_4)
FN:101,(anonymous_5)
FN:105,(anonymous_6)
FN:138,(anonymous_7)
FN:149,(anonymous_8)
FN:176,(anonymous_9)
FN:192,(anonymous_10)
FN:204,(anonymous_11)
FN:242,(anonymous_12)
FN:257,(anonymous_13)
FN:272,(anonymous_14)
FN:282,(anonymous_15)
FN:326,(anonymous_16)
FN:391,(anonymous_17)
FN:400,(anonymous_18)
FN:410,(anonymous_19)
FN:411,(anonymous_20)
FNF:19
FNH:0
FNDA:0,OptimizationWorkbench
FNDA:0,(anonymous_3)
FNDA:0,(anonymous_4)
FNDA:0,(anonymous_5)
FNDA:0,(anonymous_6)
FNDA:0,(anonymous_7)
FNDA:0,(anonymous_8)
FNDA:0,(anonymous_9)
FNDA:0,(anonymous_10)
FNDA:0,(anonymous_11)
FNDA:0,(anonymous_12)
FNDA:0,(anonymous_13)
FNDA:0,(anonymous_14)
FNDA:0,(anonymous_15)
FNDA:0,(anonymous_16)
FNDA:0,(anonymous_17)
FNDA:0,(anonymous_18)
FNDA:0,(anonymous_19)
FNDA:0,(anonymous_20)
DA:9,0
DA:10,0
DA:11,0
DA:12,0
DA:13,0
DA:14,0
DA:15,0
DA:25,0
DA:73,0
DA:77,0
DA:78,0
DA:79,0
DA:80,0
DA:81,0
DA:83,0
DA:85,0
DA:87,0
DA:90,0
DA:91,0
DA:92,0
DA:93,0
DA:94,0
DA:96,0
DA:101,0
DA:102,0
DA:105,0
DA:106,0
DA:107,0
DA:117,0
DA:119,0
DA:126,0
DA:129,0
DA:130,0
DA:138,0
DA:139,0
DA:140,0
DA:141,0
DA:143,0
DA:144,0
DA:146,0
DA:147,0
DA:149,0
DA:152,0
DA:154,0
DA:156,0
DA:157,0
DA:158,0
DA:159,0
DA:161,0
DA:164,0
DA:165,0
DA:166,0
DA:168,0
DA:176,0
DA:177,0
DA:178,0
DA:184,0
DA:192,0
DA:193,0
DA:197,0
DA:198,0
DA:199,0
DA:201,0
DA:203,0
DA:204,0
DA:205,0
DA:206,0
DA:207,0
DA:209,0
DA:214,0
DA:215,0
DA:216,0
DA:217,0
DA:218,0
DA:221,0
DA:223,0
DA:224,0
DA:225,0
DA:228,0
DA:242,0
DA:244,0
DA:257,0
DA:258,0
DA:263,0
DA:265,0
DA:272,0
DA:273,0
DA:274,0
DA:275,0
DA:276,0
DA:277,0
DA:278,0
DA:282,0
DA:283,0
DA:327,0
DA:391,0
DA:400,0
DA:411,0
DA:412,0
DA:413,0
LF:100
LH:0
BRDA:92,0,0,0
BRDA:122,1,0,0
BRDA:122,1,1,0
BRDA:140,2,0,0
BRDA:140,2,1,0
BRDA:144,3,0,0
BRDA:152,4,0,0
BRDA:177,5,0,0
BRDA:193,6,0,0
BRDA:193,6,1,0
BRDA:194,7,0,0
BRDA:194,7,1,0
BRDA:195,8,0,0
BRDA:195,8,1,0
BRDA:195,9,0,0
BRDA:195,9,1,0
BRDA:206,10,0,0
BRDA:206,10,1,0
BRDA:223,11,0,0
BRDA:251,12,0,0
BRDA:251,12,1,0
BRDA:251,13,0,0
BRDA:251,13,1,0
BRDA:252,14,0,0
BRDA:252,14,1,0
BRDA:273,15,0,0
BRDA:273,15,1,0
BRDA:273,15,2,0
BRDA:273,15,3,0
BRDA:273,15,4,0
BRDA:283,16,0,0
BRDA:283,16,1,0
BRDA:299,17,0,0
BRDA:299,17,1,0
BRDA:322,18,0,0
BRDA:332,19,0,0
BRDA:332,19,1,0
BRDA:342,20,0,0
BRDA:350,21,0,0
BRDA:392,22,0,0
BRDA:392,22,1,0
BRDA:401,23,0,0
BRDA:401,23,1,0
BRF:43
BRH:0
end_of_record
TN:
SF:src/components/backtesting/ParameterConfig.tsx
FN:443,ParameterConfig
FN:455,(anonymous_2)
FN:459,(anonymous_3)
FN:464,(anonymous_4)
FN:476,(anonymous_5)
FN:481,(anonymous_6)
FN:485,(anonymous_7)
FN:489,(anonymous_8)
FN:491,(anonymous_9)
FN:497,(anonymous_10)
FN:509,(anonymous_11)
FN:523,(anonymous_12)
FN:538,(anonymous_13)
FN:541,(anonymous_14)
FN:555,(anonymous_15)
FN:568,(anonymous_16)
FN:580,(anonymous_17)
FN:619,(anonymous_18)
FN:630,(anonymous_19)
FN:644,(anonymous_20)
FN:645,(anonymous_21)
FN:651,(anonymous_22)
FN:674,(anonymous_23)
FN:698,(anonymous_24)
FN:724,(anonymous_25)
FNF:25
FNH:0
FNDA:0,ParameterConfig
FNDA:0,(anonymous_2)
FNDA:0,(anonymous_3)
FNDA:0,(anonymous_4)
FNDA:0,(anonymous_5)
FNDA:0,(anonymous_6)
FNDA:0,(anonymous_7)
FNDA:0,(anonymous_8)
FNDA:0,(anonymous_9)
FNDA:0,(anonymous_10)
FNDA:0,(anonymous_11)
FNDA:0,(anonymous_12)
FNDA:0,(anonymous_13)
FNDA:0,(anonymous_14)
FNDA:0,(anonymous_15)
FNDA:0,(anonymous_16)
FNDA:0,(anonymous_17)
FNDA:0,(anonymous_18)
FNDA:0,(anonymous_19)
FNDA:0,(anonymous_20)
FNDA:0,(anonymous_21)
FNDA:0,(anonymous_22)
FNDA:0,(anonymous_23)
FNDA:0,(anonymous_24)
FNDA:0,(anonymous_25)
DA:9,0
DA:10,0
DA:18,0
DA:55,0
DA:443,0
DA:450,0
DA:451,0
DA:453,0
DA:454,0
DA:455,0
DA:456,0
DA:459,0
DA:461,0
DA:462,0
DA:464,0
DA:465,0
DA:466,0
DA:467,0
DA:471,0
DA:472,0
DA:476,0
DA:477,0
DA:478,0
DA:481,0
DA:482,0
DA:485,0
DA:486,0
DA:489,0
DA:490,0
DA:491,0
DA:492,0
DA:494,0
DA:497,0
DA:498,0
DA:500,0
DA:509,0
DA:523,0
DA:538,0
DA:542,0
DA:555,0
DA:568,0
DA:576,0
DA:580,0
DA:581,0
DA:582,0
DA:583,0
DA:584,0
DA:585,0
DA:619,0
DA:630,0
DA:645,0
DA:646,0
DA:648,0
DA:651,0
DA:674,0
DA:699,0
DA:724,0
LF:57
LH:0
BRDA:453,0,0,0
BRDA:453,0,1,0
BRDA:456,1,0,0
BRDA:456,1,1,0
BRDA:456,1,2,0
BRDA:465,2,0,0
BRDA:471,3,0,0
BRDA:498,4,0,0
BRDA:498,4,1,0
BRDA:500,5,0,0
BRDA:509,6,0,0
BRDA:509,6,1,0
BRDA:559,7,0,0
BRDA:559,7,1,0
BRDA:569,8,0,0
BRDA:569,8,1,0
BRDA:581,9,0,0
BRDA:581,9,1,0
BRDA:581,9,2,0
BRDA:581,9,3,0
BRDA:654,10,0,0
BRDA:654,10,1,0
BRDA:692,11,0,0
BRDA:722,12,0,0
BRDA:722,12,1,0
BRF:25
BRH:0
end_of_record
TN:
SF:src/components/backtesting/StrategyBuilder.tsx
FN:104,StrategyBuilder
FN:127,(anonymous_3)
FN:133,(anonymous_4)
FN:134,(anonymous_5)
FN:141,(anonymous_6)
FN:142,(anonymous_7)
FN:154,(anonymous_8)
FN:158,(anonymous_9)
FN:192,(anonymous_10)
FN:231,(anonymous_11)
FN:246,(anonymous_12)
FN:318,(anonymous_13)
FN:418,(anonymous_14)
FN:459,(anonymous_15)
FN:475,getDefaultParameters
FN:515,validateStrategy
FN:517,(anonymous_18)
FNF:17
FNH:0
FNDA:0,StrategyBuilder
FNDA:0,(anonymous_3)
FNDA:0,(anonymous_4)
FNDA:0,(anonymous_5)
FNDA:0,(anonymous_6)
FNDA:0,(anonymous_7)
FNDA:0,(anonymous_8)
FNDA:0,(anonymous_9)
FNDA:0,(anonymous_10)
FNDA:0,(anonymous_11)
FNDA:0,(anonymous_12)
FNDA:0,(anonymous_13)
FNDA:0,(anonymous_14)
FNDA:0,(anonymous_15)
FNDA:0,getDefaultParameters
FNDA:0,validateStrategy
FNDA:0,(anonymous_18)
DA:9,0
DA:10,0
DA:11,0
DA:12,0
DA:13,0
DA:14,0
DA:15,0
DA:25,0
DA:53,0
DA:104,0
DA:110,0
DA:111,0
DA:121,0
DA:122,0
DA:123,0
DA:125,0
DA:127,0
DA:128,0
DA:129,0
DA:133,0
DA:134,0
DA:141,0
DA:142,0
DA:143,0
DA:144,0
DA:150,0
DA:154,0
DA:155,0
DA:158,0
DA:159,0
DA:160,0
DA:163,0
DA:164,0
DA:166,0
DA:167,0
DA:172,0
DA:174,0
DA:181,0
DA:182,0
DA:188,0
DA:192,0
DA:193,0
DA:194,0
DA:197,0
DA:198,0
DA:201,0
DA:202,0
DA:206,0
DA:212,0
DA:214,0
DA:220,0
DA:221,0
DA:227,0
DA:231,0
DA:232,0
DA:233,0
DA:242,0
DA:246,0
DA:247,0
DA:249,0
DA:251,0
DA:254,0
DA:257,0
DA:259,0
DA:319,0
DA:320,0
DA:322,0
DA:418,0
DA:460,0
DA:476,0
DA:478,0
DA:484,0
DA:491,0
DA:497,0
DA:503,0
DA:509,0
DA:511,0
DA:517,0
DA:519,0
DA:521,0
DA:522,0
DA:525,0
DA:526,0
DA:529,0
DA:530,0
DA:534,0
DA:536,0
DA:537,0
DA:539,0
DA:541,0
DA:542,0
DA:544,0
DA:547,0
LF:93
LH:0
BRDA:108,0,0,0
BRDA:128,1,0,0
BRDA:143,2,0,0
BRDA:146,3,0,0
BRDA:146,3,1,0
BRDA:147,4,0,0
BRDA:147,4,1,0
BRDA:166,5,0,0
BRDA:166,5,1,0
BRDA:197,6,0,0
BRDA:201,7,0,0
BRDA:208,8,0,0
BRDA:208,8,1,0
BRDA:223,9,0,0
BRDA:223,9,1,0
BRDA:247,10,0,0
BRDA:247,10,1,0
BRDA:247,10,2,0
BRDA:247,10,3,0
BRDA:247,10,4,0
BRDA:249,11,0,0
BRDA:249,11,1,0
BRDA:251,12,0,0
BRDA:251,12,1,0
BRDA:252,13,0,0
BRDA:252,13,1,0
BRDA:254,14,0,0
BRDA:254,14,1,0
BRDA:255,15,0,0
BRDA:255,15,1,0
BRDA:257,16,0,0
BRDA:257,16,1,0
BRDA:270,17,0,0
BRDA:270,17,1,0
BRDA:298,18,0,0
BRDA:298,18,1,0
BRDA:298,18,2,0
BRDA:302,19,0,0
BRDA:326,20,0,0
BRDA:326,20,1,0
BRDA:327,21,0,0
BRDA:327,21,1,0
BRDA:331,22,0,0
BRDA:337,23,0,0
BRDA:337,23,1,0
BRDA:338,24,0,0
BRDA:338,24,1,0
BRDA:343,25,0,0
BRDA:345,26,0,0
BRDA:345,26,1,0
BRDA:412,27,0,0
BRDA:412,27,1,0
BRDA:418,28,0,0
BRDA:418,28,1,0
BRDA:424,29,0,0
BRDA:424,29,1,0
BRDA:439,30,0,0
BRDA:439,30,1,0
BRDA:442,31,0,0
BRDA:442,31,1,0
BRDA:455,32,0,0
BRDA:455,32,1,0
BRDA:476,33,0,0
BRDA:476,33,1,0
BRDA:476,33,2,0
BRDA:476,33,3,0
BRDA:476,33,4,0
BRDA:476,33,5,0
BRDA:476,33,6,0
BRDA:521,34,0,0
BRDA:525,35,0,0
BRDA:529,36,0,0
BRDA:534,37,0,0
BRDA:534,37,1,0
BRDA:536,38,0,0
BRDA:541,39,0,0
BRDA:550,40,0,0
BRDA:550,40,1,0
BRF:78
BRH:0
end_of_record
TN:
SF:src/components/backtesting/StrategyTemplate.tsx
FN:51,StrategyTemplate
FN:57,(anonymous_2)
FN:136,(anonymous_3)
FN:151,(anonymous_4)
FN:190,(anonymous_5)
FN:210,(anonymous_6)
FN:211,(anonymous_7)
FN:217,(anonymous_8)
FN:221,(anonymous_9)
FN:229,(anonymous_10)
FN:271,(anonymous_11)
FN:282,(anonymous_12)
FNF:12
FNH:0
FNDA:0,StrategyTemplate
FNDA:0,(anonymous_2)
FNDA:0,(anonymous_3)
FNDA:0,(anonymous_4)
FNDA:0,(anonymous_5)
FNDA:0,(anonymous_6)
FNDA:0,(anonymous_7)
FNDA:0,(anonymous_8)
FNDA:0,(anonymous_9)
FNDA:0,(anonymous_10)
FNDA:0,(anonymous_11)
FNDA:0,(anonymous_12)
DA:9,0
DA:18,0
DA:35,0
DA:42,0
DA:51,0
DA:57,0
DA:58,0
DA:121,0
DA:137,0
DA:138,0
DA:139,0
DA:141,0
DA:151,0
DA:191,0
DA:192,0
DA:211,0
DA:212,0
DA:217,0
DA:222,0
DA:230,0
DA:272,0
DA:283,0
LF:22
LH:0
BRDA:121,0,0,0
BRDA:121,0,1,0
BRDA:146,1,0,0
BRDA:146,1,1,0
BRDA:156,2,0,0
BRDA:156,2,1,0
BRDA:187,3,0,0
BRDA:187,3,1,0
BRDA:195,4,0,0
BRDA:195,4,1,0
BRDA:207,5,0,0
BRDA:212,6,0,0
BRDA:212,6,1,0
BRDA:260,7,0,0
BRDA:260,7,1,0
BRF:15
BRH:0
end_of_record
TN:
SF:src/components/backtesting/StrategyValidator.tsx
FN:56,StrategyValidator
FN:66,(anonymous_2)
FN:69,(anonymous_3)
FN:70,(anonymous_4)
FN:79,(anonymous_5)
FN:84,(anonymous_6)
FN:90,(anonymous_7)
FN:105,(anonymous_8)
FN:120,(anonymous_9)
FN:136,(anonymous_10)
FN:143,(anonymous_11)
FN:219,(anonymous_12)
FN:237,(anonymous_13)
FN:378,(anonymous_14)
FN:425,(anonymous_15)
FNF:15
FNH:0
FNDA:0,StrategyValidator
FNDA:0,(anonymous_2)
FNDA:0,(anonymous_3)
FNDA:0,(anonymous_4)
FNDA:0,(anonymous_5)
FNDA:0,(anonymous_6)
FNDA:0,(anonymous_7)
FNDA:0,(anonymous_8)
FNDA:0,(anonymous_9)
FNDA:0,(anonymous_10)
FNDA:0,(anonymous_11)
FNDA:0,(anonymous_12)
FNDA:0,(anonymous_13)
FNDA:0,(anonymous_14)
FNDA:0,(anonymous_15)
DA:9,0
DA:10,0
DA:21,0
DA:56,0
DA:62,0
DA:63,0
DA:64,0
DA:66,0
DA:68,0
DA:69,0
DA:70,0
DA:71,0
DA:72,0
DA:76,0
DA:79,0
DA:80,0
DA:84,0
DA:85,0
DA:86,0
DA:87,0
DA:90,0
DA:92,0
DA:105,0
DA:111,0
DA:112,0
DA:114,0
DA:116,0
DA:120,0
DA:121,0
DA:125,0
DA:129,0
DA:136,0
DA:137,0
DA:138,0
DA:139,0
DA:140,0
DA:143,0
DA:144,0
DA:145,0
DA:146,0
DA:147,0
DA:220,0
DA:238,0
DA:379,0
DA:426,0
LF:45
LH:0
BRDA:68,0,0,0
BRDA:68,0,1,0
BRDA:68,1,0,0
BRDA:68,1,1,0
BRDA:80,2,0,0
BRDA:121,3,0,0
BRDA:125,4,0,0
BRDA:129,5,0,0
BRDA:137,6,0,0
BRDA:138,7,0,0
BRDA:139,8,0,0
BRDA:144,9,0,0
BRDA:145,10,0,0
BRDA:146,11,0,0
BRDA:168,12,0,0
BRDA:168,12,1,0
BRDA:182,13,0,0
BRDA:186,14,0,0
BRDA:186,14,1,0
BRDA:191,15,0,0
BRDA:191,15,1,0
BRDA:195,16,0,0
BRDA:195,16,1,0
BRDA:209,17,0,0
BRDA:212,18,0,0
BRDA:230,19,0,0
BRDA:230,19,1,0
BRDA:248,20,0,0
BRDA:264,21,0,0
BRDA:302,22,0,0
BRDA:333,23,0,0
BRDA:333,23,1,0
BRDA:334,24,0,0
BRDA:334,24,1,0
BRDA:381,25,0,0
BRDA:381,25,1,0
BRDA:382,26,0,0
BRDA:382,26,1,0
BRDA:407,27,0,0
BRDA:407,27,1,0
BRDA:417,28,0,0
BRDA:417,28,1,0
BRDA:417,28,2,0
BRDA:422,29,0,0
BRDA:422,29,1,0
BRDA:429,30,0,0
BRDA:429,30,1,0
BRDA:435,31,0,0
BRDA:441,32,0,0
BRDA:441,32,1,0
BRF:50
BRH:0
end_of_record
TN:
SF:src/components/backtesting/index.ts
FNF:0
FNH:0
DA:7,0
DA:8,0
LF:2
LH:0
BRF:0
BRH:0
end_of_record
TN:
SF:src/components/common/LoadingSpinner.tsx
FN:31,LoadingSpinner
FNF:1
FNH:0
FNDA:0,LoadingSpinner
DA:7,0
DA:8,0
DA:17,0
DA:24,0
DA:31,0
LF:5
LH:0
BRDA:32,0,0,0
BRDA:33,1,0,0
BRDA:35,2,0,0
BRDA:53,3,0,0
BRF:4
BRH:0
end_of_record
TN:
SF:src/components/common/index.ts
FNF:0
FNH:0
DA:7,0
DA:11,0
DA:12,0
DA:13,0
DA:14,0
DA:15,0
LF:6
LH:0
BRF:0
BRH:0
end_of_record
TN:
SF:src/components/data/DataManagementPanel.tsx
FN:63,DataManagementPanel
FN:83,(anonymous_3)
FN:88,(anonymous_4)
FN:99,(anonymous_5)
FN:112,(anonymous_6)
FN:122,(anonymous_7)
FN:177,(anonymous_8)
FN:271,(anonymous_9)
FNF:8
FNH:0
FNDA:0,DataManagementPanel
FNDA:0,(anonymous_3)
FNDA:0,(anonymous_4)
FNDA:0,(anonymous_5)
FNDA:0,(anonymous_6)
FNDA:0,(anonymous_7)
FNDA:0,(anonymous_8)
FNDA:0,(anonymous_9)
DA:9,2
DA:10,2
DA:11,2
DA:12,2
DA:13,2
DA:14,2
DA:15,2
DA:16,2
DA:25,2
DA:36,2
DA:63,0
DA:64,0
DA:65,0
DA:66,0
DA:67,0
DA:74,0
DA:76,0
DA:83,0
DA:84,0
DA:85,0
DA:87,0
DA:88,0
DA:90,0
DA:93,0
DA:95,0
DA:99,0
DA:100,0
DA:112,0
DA:113,0
DA:114,0
DA:115,0
DA:116,0
DA:117,0
DA:118,0
DA:122,0
DA:123,0
DA:124,0
DA:125,0
DA:126,0
DA:128,0
DA:129,0
DA:130,0
DA:131,0
DA:132,0
DA:133,0
DA:177,0
DA:272,0
LF:47
LH:10
BRDA:87,0,0,0
BRDA:87,0,1,0
BRDA:113,1,0,0
BRDA:113,1,1,0
BRDA:113,1,2,0
BRDA:113,1,3,0
BRDA:113,1,4,0
BRDA:128,2,0,0
BRDA:129,3,0,0
BRDA:131,4,0,0
BRDA:161,5,0,0
BRDA:161,5,1,0
BRDA:183,6,0,0
BRDA:183,6,1,0
BRDA:289,7,0,0
BRDA:289,7,1,0
BRDA:292,8,0,0
BRDA:292,8,1,0
BRF:18
BRH:0
end_of_record
TN:
SF:src/components/data/MarketDataGrid.tsx
FN:28,(anonymous_1)
FN:31,(anonymous_2)
FN:34,(anonymous_3)
FN:35,(anonymous_4)
FN:52,MarketDataGrid
FN:74,(anonymous_6)
FN:75,(anonymous_7)
FN:79,(anonymous_8)
FN:80,(anonymous_9)
FN:86,(anonymous_10)
FN:87,(anonymous_11)
FN:147,(anonymous_12)
FNF:12
FNH:8
FNDA:0,(anonymous_1)
FNDA:0,(anonymous_2)
FNDA:0,(anonymous_3)
FNDA:0,(anonymous_4)
FNDA:34,MarketDataGrid
FNDA:34,(anonymous_6)
FNDA:130,(anonymous_7)
FNDA:34,(anonymous_8)
FNDA:130,(anonymous_9)
FNDA:34,(anonymous_10)
FNDA:130,(anonymous_11)
FNDA:130,(anonymous_12)
DA:9,3
DA:10,3
DA:11,3
DA:12,3
DA:28,3
DA:29,0
DA:31,0
DA:32,0
DA:33,0
DA:34,0
DA:35,0
DA:52,63
DA:65,34
DA:67,34
DA:74,34
DA:75,34
DA:76,130
DA:79,34
DA:80,34
DA:81,130
DA:86,34
DA:87,34
DA:88,130
DA:89,130
DA:90,130
DA:95,130
DA:105,34
DA:106,34
DA:149,130
LF:29
LH:23
BRDA:32,0,0,0
BRDA:32,1,0,0
BRDA:32,1,1,0
BRDA:43,2,0,0
BRDA:43,2,1,0
BRDA:43,3,0,0
BRDA:43,3,1,0
BRDA:44,4,0,0
BRDA:44,4,1,0
BRDA:53,5,0,15
BRDA:54,6,0,34
BRDA:55,7,0,32
BRDA:56,8,0,31
BRDA:57,9,0,33
BRDA:89,10,0,0
BRDA:89,10,1,130
BRDA:90,11,0,0
BRDA:90,11,1,130
BRDA:105,12,0,0
BRDA:105,12,1,34
BRDA:106,13,0,0
BRDA:106,13,1,34
BRDA:117,14,0,0
BRDA:117,14,1,34
BRDA:136,15,0,34
BRDA:141,16,0,34
BRDA:158,17,0,130
BRDA:165,18,0,0
BRDA:167,19,0,0
BRDA:167,19,1,0
BRDA:167,20,0,0
BRDA:167,20,1,0
BRDA:177,21,0,0
BRDA:179,22,0,0
BRDA:179,22,1,0
BRDA:179,23,0,0
BRDA:179,23,1,0
BRDA:187,24,0,130
BRDA:190,25,0,0
BRDA:200,26,0,0
BRDA:203,27,0,0
BRDA:203,27,1,0
BRDA:205,28,0,0
BRDA:205,28,1,0
BRDA:210,29,0,0
BRDA:210,29,1,0
BRDA:219,30,0,0
BRDA:221,31,0,0
BRDA:221,31,1,0
BRDA:223,32,0,0
BRDA:223,32,1,0
BRDA:228,33,0,0
BRDA:228,33,1,0
BRDA:235,34,0,130
BRDA:238,35,0,0
BRDA:254,36,0,34
BRF:56
BRH:16
end_of_record
TN:
SF:src/components/data/PriceChart.tsx
FN:53,(anonymous_1)
FN:103,(anonymous_2)
FN:138,PriceChart
FN:164,(anonymous_4)
FN:165,(anonymous_5)
FN:199,(anonymous_6)
FN:202,(anonymous_7)
FN:213,(anonymous_8)
FN:230,(anonymous_9)
FN:266,(anonymous_10)
FN:269,(anonymous_11)
FN:316,(anonymous_12)
FN:335,(anonymous_13)
FNF:13
FNH:1
FNDA:0,(anonymous_1)
FNDA:0,(anonymous_2)
FNDA:124,PriceChart
FNDA:0,(anonymous_4)
FNDA:0,(anonymous_5)
FNDA:0,(anonymous_6)
FNDA:0,(anonymous_7)
FNDA:0,(anonymous_8)
FNDA:0,(anonymous_9)
FNDA:0,(anonymous_10)
FNDA:0,(anonymous_11)
FNDA:0,(anonymous_12)
FNDA:0,(anonymous_13)
DA:9,3
DA:20,3
DA:21,3
DA:22,3
DA:23,3
DA:24,3
DA:41,3
DA:53,3
DA:54,0
DA:56,0
DA:58,0
DA:59,0
DA:60,0
DA:62,0
DA:63,0
DA:65,0
DA:66,0
DA:67,0
DA:103,3
DA:104,0
DA:105,0
DA:108,0
DA:109,0
DA:111,0
DA:138,31
DA:146,124
DA:147,124
DA:148,124
DA:155,124
DA:157,0
DA:164,0
DA:165,0
DA:166,0
DA:168,0
DA:169,0
DA:170,0
DA:171,0
DA:173,0
DA:180,0
DA:181,0
DA:184,0
DA:187,0
DA:188,0
DA:190,0
DA:191,0
DA:195,0
DA:199,0
DA:200,0
DA:202,0
DA:209,0
DA:210,0
DA:213,0
DA:214,0
DA:216,0
DA:217,0
DA:218,0
DA:220,0
DA:223,0
DA:230,0
DA:267,0
DA:269,0
DA:316,0
DA:336,0
LF:63
LH:14
BRDA:56,0,0,0
BRDA:60,1,0,0
BRDA:60,1,1,0
BRDA:95,2,0,0
BRDA:95,2,1,0
BRDA:104,3,0,0
BRDA:104,4,0,0
BRDA:104,4,1,0
BRDA:104,4,2,0
BRDA:109,5,0,0
BRDA:124,6,0,0
BRDA:124,6,1,0
BRDA:127,7,0,0
BRDA:140,8,0,116
BRDA:141,9,0,116
BRDA:142,10,0,120
BRDA:143,11,0,124
BRDA:144,12,0,120
BRDA:166,13,0,0
BRDA:180,14,0,0
BRDA:180,14,1,0
BRDA:200,15,0,0
BRDA:200,15,1,0
BRDA:214,16,0,0
BRDA:214,17,0,0
BRDA:214,17,1,0
BRDA:223,18,0,0
BRDA:246,19,0,0
BRDA:253,20,0,0
BRDA:253,20,1,0
BRDA:256,21,0,0
BRDA:256,21,1,0
BRDA:257,22,0,0
BRDA:257,22,1,0
BRDA:272,23,0,0
BRDA:272,23,1,0
BRDA:287,24,0,0
BRDA:294,25,0,0
BRDA:322,26,0,0
BRDA:325,27,0,0
BRDA:325,27,1,0
BRF:41
BRH:5
end_of_record
TN:
SF:src/components/data/SymbolSelector.tsx
FN:43,SymbolSelector
FN:60,(anonymous_2)
FN:65,(anonymous_3)
FN:71,(anonymous_4)
FN:77,(anonymous_5)
FN:83,(anonymous_6)
FN:85,(anonymous_7)
FN:91,(anonymous_8)
FN:101,(anonymous_9)
FN:118,(anonymous_10)
FN:156,(anonymous_11)
FN:169,(anonymous_12)
FN:185,(anonymous_13)
FN:194,(anonymous_14)
FNF:14
FNH:13
FNDA:120,SymbolSelector
FNDA:75,(anonymous_2)
FNDA:230,(anonymous_3)
FNDA:240,(anonymous_4)
FNDA:726,(anonymous_5)
FNDA:858,(anonymous_6)
FNDA:3,(anonymous_7)
FNDA:0,(anonymous_8)
FNDA:281,(anonymous_9)
FNDA:25,(anonymous_10)
FNDA:1,(anonymous_11)
FNDA:24,(anonymous_12)
FNDA:242,(anonymous_13)
FNDA:3,(anonymous_14)
DA:9,3
DA:10,3
DA:11,3
DA:30,3
DA:43,67
DA:52,120
DA:53,120
DA:54,120
DA:55,120
DA:58,120
DA:60,120
DA:61,75
DA:64,75
DA:65,230
DA:69,75
DA:70,24
DA:71,24
DA:72,240
DA:77,75
DA:79,726
DA:83,858
DA:85,120
DA:86,3
DA:87,3
DA:88,3
DA:91,120
DA:92,0
DA:93,0
DA:94,0
DA:95,0
DA:96,0
DA:97,0
DA:101,120
DA:102,281
DA:109,281
DA:118,25
DA:156,1
DA:169,24
DA:186,242
DA:187,242
DA:189,242
DA:194,3
LF:42
LH:36
BRDA:46,0,0,119
BRDA:47,1,0,119
BRDA:48,2,0,118
BRDA:49,3,0,118
BRDA:58,4,0,0
BRDA:58,4,1,120
BRDA:64,5,0,23
BRDA:69,6,0,24
BRDA:72,7,0,240
BRDA:72,7,1,218
BRDA:92,8,0,0
BRDA:92,8,1,0
BRDA:92,8,2,0
BRDA:92,8,3,0
BRDA:92,8,4,0
BRDA:109,9,0,281
BRDA:109,9,1,0
BRDA:118,10,0,25
BRDA:118,10,1,25
BRDA:126,11,0,2
BRDA:126,11,1,118
BRDA:127,12,0,49
BRDA:127,12,1,71
BRDA:132,13,0,39
BRDA:145,14,0,49
BRDA:145,14,1,71
BRDA:151,15,0,120
BRDA:162,16,0,49
BRDA:180,17,0,19
BRDA:180,17,1,30
BRDA:198,18,0,1
BRDA:198,18,1,241
BRDA:209,19,0,242
BRDA:212,20,0,0
BRDA:212,20,1,0
BRF:35
BRH:26
end_of_record
TN:
SF:src/components/data/index.ts
FNF:0
FNH:0
DA:7,29
DA:8,36
DA:9,2
DA:10,2
LF:4
LH:4
BRF:0
BRH:0
end_of_record
TN:
SF:src/components/data-management/DataManagementDashboard.tsx
FN:53,(anonymous_7)
FN:60,(anonymous_8)
FN:92,(anonymous_9)
FN:97,(anonymous_10)
FN:101,(anonymous_11)
FN:105,(anonymous_12)
FN:117,(anonymous_13)
FN:130,(anonymous_14)
FN:169,(anonymous_15)
FN:174,(anonymous_16)
FN:179,(anonymous_17)
FN:190,(anonymous_18)
FN:191,(anonymous_19)
FN:193,(anonymous_20)
FN:202,(anonymous_21)
FN:206,(anonymous_22)
FN:208,(anonymous_23)
FN:211,(anonymous_24)
FN:216,(anonymous_25)
FN:217,(anonymous_26)
FN:222,(anonymous_27)
FN:223,(anonymous_28)
FN:228,(anonymous_29)
FN:229,(anonymous_30)
FN:248,(anonymous_31)
FN:252,(anonymous_32)
FN:285,(anonymous_33)
FN:309,(anonymous_34)
FN:310,(anonymous_35)
FN:319,(anonymous_36)
FN:324,(anonymous_37)
FN:325,(anonymous_38)
FN:327,(anonymous_39)
FN:331,(anonymous_40)
FN:332,(anonymous_41)
FN:336,(anonymous_42)
FN:360,(anonymous_43)
FN:365,(anonymous_44)
FN:393,(anonymous_45)
FN:411,(anonymous_46)
FN:469,(anonymous_47)
FN:469,(anonymous_48)
FN:488,(anonymous_49)
FN:501,(anonymous_50)
FN:524,(anonymous_51)
FN:588,(anonymous_52)
FN:619,(anonymous_53)
FN:646,(anonymous_54)
FN:657,(anonymous_55)
FN:668,(anonymous_56)
FN:684,(anonymous_57)
FNF:51
FNH:48
FNDA:2,(anonymous_7)
FNDA:2,(anonymous_8)
FNDA:35,(anonymous_9)
FNDA:2,(anonymous_10)
FNDA:1,(anonymous_11)
FNDA:94,(anonymous_12)
FNDA:0,(anonymous_13)
FNDA:180,(anonymous_14)
FNDA:122,(anonymous_15)
FNDA:33,(anonymous_16)
FNDA:33,(anonymous_17)
FNDA:33,(anonymous_18)
FNDA:33,(anonymous_19)
FNDA:33,(anonymous_20)
FNDA:33,(anonymous_21)
FNDA:33,(anonymous_22)
FNDA:1,(anonymous_23)
FNDA:33,(anonymous_24)
FNDA:3,(anonymous_25)
FNDA:2,(anonymous_26)
FNDA:4,(anonymous_27)
FNDA:3,(anonymous_28)
FNDA:11,(anonymous_29)
FNDA:11,(anonymous_30)
FNDA:11,(anonymous_31)
FNDA:11,(anonymous_32)
FNDA:4,(anonymous_33)
FNDA:3,(anonymous_34)
FNDA:2,(anonymous_35)
FNDA:2,(anonymous_36)
FNDA:1,(anonymous_37)
FNDA:1,(anonymous_38)
FNDA:1,(anonymous_39)
FNDA:1,(anonymous_40)
FNDA:1,(anonymous_41)
FNDA:1,(anonymous_42)
FNDA:1,(anonymous_43)
FNDA:1,(anonymous_44)
FNDA:92,(anonymous_45)
FNDA:92,(anonymous_46)
FNDA:3,(anonymous_47)
FNDA:3,(anonymous_48)
FNDA:2,(anonymous_49)
FNDA:3,(anonymous_50)
FNDA:0,(anonymous_51)
FNDA:4,(anonymous_52)
FNDA:1,(anonymous_53)
FNDA:7,(anonymous_54)
FNDA:3,(anonymous_55)
FNDA:0,(anonymous_56)
FNDA:1,(anonymous_57)
DA:7,2
DA:8,2
DA:9,2
DA:10,2
DA:11,2
DA:16,2
DA:53,2
DA:60,2
DA:93,35
DA:94,34
DA:98,2
DA:102,1
DA:106,94
DA:117,0
DA:126,91
DA:130,78
DA:149,180
DA:165,180
DA:168,180
DA:169,122
DA:174,92
DA:175,33
DA:176,33
DA:177,33
DA:179,33
DA:185,0
DA:190,92
DA:191,33
DA:192,33
DA:193,33
DA:200,33
DA:201,33
DA:202,33
DA:206,92
DA:207,33
DA:208,33
DA:209,1
DA:211,33
DA:216,92
DA:217,3
DA:218,3
DA:222,92
DA:223,4
DA:224,4
DA:228,92
DA:229,11
DA:235,11
DA:236,1
DA:240,11
DA:248,92
DA:252,11
DA:253,11
DA:259,11
DA:261,11
DA:262,0
DA:263,0
DA:264,0
DA:267,11
DA:268,3
DA:269,3
DA:270,3
DA:273,11
DA:274,0
DA:275,0
DA:278,11
DA:279,1
DA:280,1
DA:281,1
DA:284,11
DA:285,4
DA:288,11
DA:290,11
DA:296,11
DA:303,11
DA:304,2
DA:309,92
DA:310,3
DA:312,3
DA:313,3
DA:314,2
DA:317,0
DA:319,3
DA:324,92
DA:325,1
DA:327,1
DA:331,92
DA:332,1
DA:336,92
DA:337,1
DA:343,1
DA:344,1
DA:345,0
DA:346,0
DA:347,0
DA:348,0
DA:349,0
DA:350,0
DA:351,0
DA:353,0
DA:360,92
DA:361,1
DA:362,1
DA:364,1
DA:365,1
DA:366,1
DA:367,1
DA:369,1
DA:370,1
DA:372,1
DA:373,1
DA:376,1
DA:382,0
DA:389,1
DA:393,92
DA:394,92
DA:396,92
DA:398,2
DA:400,0
DA:402,48
DA:404,42
DA:411,92
DA:412,92
DA:414,2
DA:416,0
DA:419,90
DA:469,3
DA:488,2
DA:501,3
DA:524,0
DA:589,4
DA:619,1
DA:646,7
DA:657,3
DA:668,0
DA:684,1
LF:135
LH:114
BRDA:53,0,0,2
BRDA:53,0,1,2
BRDA:60,1,0,2
BRDA:60,1,1,2
BRDA:106,2,0,3
BRDA:131,3,0,178
BRDA:132,4,0,178
BRDA:133,5,0,90
BRDA:134,6,0,92
BRDA:135,7,0,92
BRDA:136,8,0,90
BRDA:137,9,0,90
BRDA:169,10,0,122
BRDA:169,10,1,121
BRDA:181,11,0,33
BRDA:181,11,1,33
BRDA:182,12,0,33
BRDA:182,12,1,33
BRDA:196,13,0,25
BRDA:196,13,1,8
BRDA:207,14,0,33
BRDA:207,15,0,33
BRDA:207,15,1,33
BRDA:235,16,0,1
BRDA:241,17,0,3
BRDA:241,17,1,8
BRDA:261,18,0,0
BRDA:267,19,0,3
BRDA:273,20,0,0
BRDA:278,21,0,1
BRDA:284,22,0,4
BRDA:284,22,1,7
BRDA:288,23,0,7
BRDA:288,23,1,4
BRDA:288,24,0,0
BRDA:288,24,1,4
BRDA:303,25,0,2
BRDA:313,26,0,2
BRDA:362,27,0,0
BRDA:369,28,0,1
BRDA:372,29,0,1
BRDA:396,30,0,2
BRDA:396,30,1,0
BRDA:396,30,2,48
BRDA:396,30,3,42
BRDA:412,31,0,2
BRDA:412,31,1,0
BRDA:412,31,2,90
BRDA:416,32,0,0
BRDA:416,32,1,0
BRDA:442,33,0,86
BRDA:442,33,1,6
BRDA:443,34,0,0
BRDA:443,34,1,6
BRDA:449,35,0,86
BRDA:449,35,1,6
BRDA:450,36,0,0
BRDA:450,36,1,6
BRDA:455,37,0,86
BRDA:455,37,1,6
BRDA:456,38,0,0
BRDA:456,38,1,6
BRDA:465,39,0,92
BRDA:548,40,0,1
BRDA:548,40,1,91
BRDA:556,41,0,1
BRDA:556,41,1,91
BRDA:569,42,0,92
BRDA:569,42,1,5
BRDA:592,43,0,1
BRDA:592,43,1,3
BRDA:593,44,0,3
BRDA:593,44,1,0
BRDA:600,45,0,1
BRDA:600,45,1,3
BRDA:601,46,0,3
BRDA:601,46,1,0
BRDA:607,47,0,1
BRDA:607,47,1,3
BRDA:608,48,0,3
BRDA:608,48,1,0
BRDA:632,49,0,92
BRF:82
BRH:68
end_of_record
TN:
SF:src/components/data-management/DataManagementWithAnalytics.tsx
FN:67,(anonymous_6)
FN:84,(anonymous_7)
FN:104,(anonymous_8)
FN:108,(anonymous_9)
FN:123,(anonymous_10)
FN:124,(anonymous_11)
FN:134,(anonymous_12)
FN:135,(anonymous_13)
FN:149,(anonymous_14)
FN:159,(anonymous_15)
FN:168,(anonymous_16)
FN:169,(anonymous_17)
FN:173,(anonymous_18)
FN:174,(anonymous_19)
FN:178,(anonymous_20)
FN:179,(anonymous_21)
FN:183,(anonymous_22)
FN:190,(anonymous_23)
FN:196,(anonymous_24)
FN:211,(anonymous_25)
FN:233,(anonymous_27)
FN:247,(anonymous_28)
FN:259,(anonymous_29)
FN:271,(anonymous_30)
FN:287,(anonymous_31)
FN:291,(anonymous_32)
FN:329,(anonymous_33)
FNF:27
FNH:14
FNDA:1,(anonymous_6)
FNDA:72,(anonymous_7)
FNDA:26,(anonymous_8)
FNDA:26,(anonymous_9)
FNDA:26,(anonymous_10)
FNDA:26,(anonymous_11)
FNDA:1,(anonymous_12)
FNDA:1,(anonymous_13)
FNDA:23,(anonymous_14)
FNDA:2,(anonymous_15)
FNDA:0,(anonymous_16)
FNDA:0,(anonymous_17)
FNDA:0,(anonymous_18)
FNDA:0,(anonymous_19)
FNDA:0,(anonymous_20)
FNDA:0,(anonymous_21)
FNDA:0,(anonymous_22)
FNDA:0,(anonymous_23)
FNDA:0,(anonymous_24)
FNDA:70,(anonymous_25)
FNDA:0,(anonymous_27)
FNDA:0,(anonymous_28)
FNDA:0,(anonymous_29)
FNDA:0,(anonymous_30)
FNDA:40,(anonymous_31)
FNDA:80,(anonymous_32)
FNDA:120,(anonymous_33)
DA:7,1
DA:8,1
DA:9,1
DA:10,1
DA:11,1
DA:12,1
DA:17,1
DA:36,1
DA:67,1
DA:84,26
DA:104,72
DA:105,26
DA:108,72
DA:123,72
DA:124,26
DA:125,26
DA:126,26
DA:134,25
DA:135,1
DA:141,1
DA:145,25
DA:149,24
DA:156,24
DA:158,2
DA:159,2
DA:160,2
DA:164,26
DA:168,72
DA:169,0
DA:173,72
DA:174,0
DA:178,72
DA:179,0
DA:181,0
DA:182,0
DA:183,0
DA:190,0
DA:191,0
DA:196,72
DA:198,0
DA:207,0
DA:211,72
DA:212,70
DA:214,44
DA:215,44
DA:233,0
DA:247,0
DA:259,0
DA:271,0
DA:287,72
DA:288,40
DA:290,40
DA:291,80
DA:330,120
DA:343,72
DA:355,46
LF:56
LH:42
BRDA:67,0,0,1
BRDA:67,0,1,1
BRDA:85,1,0,72
BRDA:86,2,0,72
BRDA:87,3,0,69
BRDA:88,4,0,69
BRDA:89,5,0,72
BRDA:90,6,0,45
BRDA:91,7,0,66
BRDA:92,8,0,72
BRDA:93,9,0,72
BRDA:105,10,0,26
BRDA:105,10,1,1
BRDA:158,11,0,2
BRDA:158,11,1,0
BRDA:160,12,0,1
BRDA:160,12,1,0
BRDA:191,13,0,0
BRDA:191,13,1,0
BRDA:203,14,0,0
BRDA:203,14,1,0
BRDA:212,15,0,26
BRDA:215,16,0,42
BRDA:215,16,1,2
BRDA:215,17,0,0
BRDA:215,17,1,2
BRDA:235,18,0,44
BRDA:235,18,1,0
BRDA:244,19,0,44
BRDA:249,20,0,0
BRDA:249,20,1,40
BRDA:261,21,0,0
BRDA:261,21,1,40
BRDA:273,22,0,0
BRDA:273,22,1,40
BRDA:288,23,0,0
BRDA:300,24,0,0
BRDA:300,24,1,40
BRDA:301,25,0,38
BRDA:301,25,1,2
BRDA:310,26,0,0
BRDA:310,26,1,40
BRDA:325,27,0,40
BRDA:343,28,0,26
BRDA:355,29,0,2
BRDA:384,30,0,44
BRDA:388,31,0,40
BRDA:388,31,1,0
BRDA:394,32,0,40
BRDA:394,32,1,0
BRDA:404,33,0,44
BRDA:404,33,1,40
BRDA:409,34,0,38
BRDA:409,34,1,6
BRDA:409,35,0,44
BRDA:409,35,1,42
BRDA:414,36,0,44
BRDA:414,36,1,0
BRDA:416,37,0,38
BRDA:416,37,1,6
BRDA:416,38,0,44
BRDA:416,38,1,42
BRDA:437,39,0,44
BRDA:439,40,0,38
BRDA:439,40,1,2
BRDA:443,41,0,40
BRDA:467,42,0,40
BRDA:473,43,0,40
BRDA:479,44,0,40
BRF:69
BRH:52
end_of_record
TN:
SF:src/components/data-management/DataQualityDashboard.tsx
FN:101,(anonymous_4)
FN:137,(anonymous_5)
FN:142,(anonymous_6)
FN:146,(anonymous_7)
FN:151,(anonymous_8)
FN:156,(anonymous_9)
FN:174,(anonymous_10)
FN:192,(anonymous_11)
FN:201,(anonymous_12)
FN:234,(anonymous_13)
FN:272,(anonymous_14)
FN:282,(anonymous_15)
FN:318,(anonymous_16)
FN:337,(anonymous_17)
FN:341,(anonymous_18)
FN:370,(anonymous_19)
FN:398,(anonymous_20)
FN:419,(anonymous_21)
FN:455,(anonymous_22)
FN:456,(anonymous_23)
FN:468,(anonymous_24)
FN:475,(anonymous_25)
FN:479,(anonymous_26)
FN:482,(anonymous_27)
FN:494,(anonymous_28)
FN:500,(anonymous_29)
FN:503,(anonymous_30)
FN:508,(anonymous_31)
FN:512,(anonymous_32)
FN:557,(anonymous_33)
FN:599,(anonymous_34)
FN:607,(anonymous_35)
FN:625,(anonymous_36)
FN:625,(anonymous_37)
FN:640,(anonymous_38)
FN:640,(anonymous_39)
FN:744,(anonymous_40)
FN:792,(anonymous_41)
FN:809,(anonymous_42)
FN:814,(anonymous_43)
FN:818,(anonymous_44)
FN:833,(anonymous_45)
FN:860,(anonymous_46)
FN:864,(anonymous_47)
FN:865,(anonymous_48)
FN:908,(anonymous_49)
FN:913,(anonymous_50)
FN:917,(anonymous_51)
FN:935,(anonymous_52)
FN:946,(anonymous_53)
FN:956,(anonymous_54)
FN:968,(anonymous_55)
FN:1006,(anonymous_56)
FN:1023,(anonymous_57)
FN:1023,(anonymous_58)
FN:1036,(anonymous_59)
FN:1036,(anonymous_60)
FN:1051,(anonymous_61)
FN:1051,(anonymous_62)
FN:1069,(anonymous_63)
FN:1069,(anonymous_64)
FN:1084,(anonymous_65)
FN:1084,(anonymous_66)
FN:1101,(anonymous_67)
FN:1101,(anonymous_68)
FN:1114,(anonymous_69)
FNF:66
FNH:0
FNDA:0,(anonymous_4)
FNDA:0,(anonymous_5)
FNDA:0,(anonymous_6)
FNDA:0,(anonymous_7)
FNDA:0,(anonymous_8)
FNDA:0,(anonymous_9)
FNDA:0,(anonymous_10)
FNDA:0,(anonymous_11)
FNDA:0,(anonymous_12)
FNDA:0,(anonymous_13)
FNDA:0,(anonymous_14)
FNDA:0,(anonymous_15)
FNDA:0,(anonymous_16)
FNDA:0,(anonymous_17)
FNDA:0,(anonymous_18)
FNDA:0,(anonymous_19)
FNDA:0,(anonymous_20)
FNDA:0,(anonymous_21)
FNDA:0,(anonymous_22)
FNDA:0,(anonymous_23)
FNDA:0,(anonymous_24)
FNDA:0,(anonymous_25)
FNDA:0,(anonymous_26)
FNDA:0,(anonymous_27)
FNDA:0,(anonymous_28)
FNDA:0,(anonymous_29)
FNDA:0,(anonymous_30)
FNDA:0,(anonymous_31)
FNDA:0,(anonymous_32)
FNDA:0,(anonymous_33)
FNDA:0,(anonymous_34)
FNDA:0,(anonymous_35)
FNDA:0,(anonymous_36)
FNDA:0,(anonymous_37)
FNDA:0,(anonymous_38)
FNDA:0,(anonymous_39)
FNDA:0,(anonymous_40)
FNDA:0,(anonymous_41)
FNDA:0,(anonymous_42)
FNDA:0,(anonymous_43)
FNDA:0,(anonymous_44)
FNDA:0,(anonymous_45)
FNDA:0,(anonymous_46)
FNDA:0,(anonymous_47)
FNDA:0,(anonymous_48)
FNDA:0,(anonymous_49)
FNDA:0,(anonymous_50)
FNDA:0,(anonymous_51)
FNDA:0,(anonymous_52)
FNDA:0,(anonymous_53)
FNDA:0,(anonymous_54)
FNDA:0,(anonymous_55)
FNDA:0,(anonymous_56)
FNDA:0,(anonymous_57)
FNDA:0,(anonymous_58)
FNDA:0,(anonymous_59)
FNDA:0,(anonymous_60)
FNDA:0,(anonymous_61)
FNDA:0,(anonymous_62)
FNDA:0,(anonymous_63)
FNDA:0,(anonymous_64)
FNDA:0,(anonymous_65)
FNDA:0,(anonymous_66)
FNDA:0,(anonymous_67)
FNDA:0,(anonymous_68)
FNDA:0,(anonymous_69)
DA:7,1
DA:20,1
DA:35,1
DA:36,1
DA:37,1
DA:38,1
DA:39,1
DA:93,1
DA:94,1
DA:101,1
DA:112,0
DA:113,0
DA:114,0
DA:115,0
DA:116,0
DA:117,0
DA:118,0
DA:119,0
DA:120,0
DA:121,0
DA:122,0
DA:126,0
DA:137,0
DA:138,0
DA:142,0
DA:143,0
DA:146,0
DA:147,0
DA:151,0
DA:152,0
DA:156,0
DA:157,0
DA:159,0
DA:161,0
DA:163,0
DA:165,0
DA:167,0
DA:169,0
DA:174,0
DA:175,0
DA:177,0
DA:179,0
DA:181,0
DA:183,0
DA:185,0
DA:187,0
DA:192,0
DA:193,0
DA:194,0
DA:195,0
DA:196,0
DA:197,0
DA:201,0
DA:202,0
DA:203,0
DA:204,0
DA:205,0
DA:207,0
DA:208,0
DA:212,0
DA:215,0
DA:216,0
DA:217,0
DA:226,0
DA:227,0
DA:229,0
DA:234,0
DA:235,0
DA:236,0
DA:237,0
DA:240,0
DA:242,0
DA:243,0
DA:245,0
DA:246,0
DA:248,0
DA:249,0
DA:251,0
DA:252,0
DA:255,0
DA:259,0
DA:265,0
DA:267,0
DA:272,0
DA:273,0
DA:274,0
DA:275,0
DA:277,0
DA:282,0
DA:283,0
DA:285,0
DA:288,0
DA:289,0
DA:290,0
DA:302,0
DA:303,0
DA:318,0
DA:319,0
DA:321,0
DA:322,0
DA:337,0
DA:341,0
DA:342,0
DA:343,0
DA:344,0
DA:349,0
DA:356,0
DA:358,0
DA:359,0
DA:365,0
DA:370,0
DA:371,0
DA:372,0
DA:373,0
DA:379,0
DA:380,0
DA:386,0
DA:387,0
DA:393,0
DA:398,0
DA:399,0
DA:400,0
DA:401,0
DA:403,0
DA:409,0
DA:410,0
DA:419,0
DA:420,0
DA:421,0
DA:426,0
DA:427,0
DA:428,0
DA:429,0
DA:439,0
DA:445,0
DA:446,0
DA:455,0
DA:456,0
DA:457,0
DA:458,0
DA:459,0
DA:461,0
DA:463,0
DA:468,0
DA:469,0
DA:471,0
DA:472,0
DA:473,0
DA:475,0
DA:479,0
DA:480,0
DA:482,0
DA:490,0
DA:491,0
DA:494,0
DA:495,0
DA:496,0
DA:500,0
DA:501,0
DA:503,0
DA:504,0
DA:505,0
DA:508,0
DA:512,0
DA:513,0
DA:514,0
DA:518,0
DA:558,0
DA:559,0
DA:599,0
DA:608,0
DA:609,0
DA:625,0
DA:640,0
DA:745,0
DA:792,0
DA:809,0
DA:815,0
DA:818,0
DA:833,0
DA:860,0
DA:864,0
DA:865,0
DA:908,0
DA:914,0
DA:917,0
DA:936,0
DA:937,0
DA:946,0
DA:957,0
DA:968,0
DA:1006,0
DA:1023,0
DA:1036,0
DA:1051,0
DA:1069,0
DA:1084,0
DA:1101,0
DA:1114,0
LF:199
LH:10
BRDA:102,0,0,0
BRDA:104,1,0,0
BRDA:105,2,0,0
BRDA:138,3,0,0
BRDA:138,3,1,0
BRDA:139,4,0,0
BRDA:139,4,1,0
BRDA:143,5,0,0
BRDA:143,5,1,0
BRDA:157,6,0,0
BRDA:157,6,1,0
BRDA:157,6,2,0
BRDA:157,6,3,0
BRDA:157,6,4,0
BRDA:157,6,5,0
BRDA:175,7,0,0
BRDA:175,7,1,0
BRDA:175,7,2,0
BRDA:175,7,3,0
BRDA:175,7,4,0
BRDA:175,7,5,0
BRDA:193,8,0,0
BRDA:194,9,0,0
BRDA:195,10,0,0
BRDA:196,11,0,0
BRDA:207,12,0,0
BRDA:215,13,0,0
BRDA:226,14,0,0
BRDA:226,14,1,0
BRDA:240,15,0,0
BRDA:240,15,1,0
BRDA:240,15,2,0
BRDA:240,15,3,0
BRDA:255,16,0,0
BRDA:255,16,1,0
BRDA:256,17,0,0
BRDA:256,17,1,0
BRDA:257,18,0,0
BRDA:257,18,1,0
BRDA:283,19,0,0
BRDA:289,20,0,0
BRDA:289,20,1,0
BRDA:302,21,0,0
BRDA:321,22,0,0
BRDA:358,23,0,0
BRDA:358,23,1,0
BRDA:386,24,0,0
BRDA:386,24,1,0
BRDA:406,25,0,0
BRDA:406,25,1,0
BRDA:409,26,0,0
BRDA:409,26,1,0
BRDA:445,27,0,0
BRDA:445,27,1,0
BRDA:458,28,0,0
BRDA:458,28,1,0
BRDA:469,29,0,0
BRDA:472,30,0,0
BRDA:480,31,0,0
BRDA:490,32,0,0
BRDA:490,32,1,0
BRDA:491,33,0,0
BRDA:491,33,1,0
BRDA:501,34,0,0
BRDA:501,35,0,0
BRDA:501,35,1,0
BRDA:513,36,0,0
BRDA:518,37,0,0
BRDA:522,38,0,0
BRDA:522,38,1,0
BRDA:534,39,0,0
BRDA:534,39,1,0
BRDA:537,40,0,0
BRDA:537,40,1,0
BRDA:553,41,0,0
BRDA:553,41,1,0
BRDA:558,42,0,0
BRDA:558,43,0,0
BRDA:558,43,1,0
BRDA:564,44,0,0
BRDA:581,45,0,0
BRDA:581,45,1,0
BRDA:587,46,0,0
BRDA:654,47,0,0
BRDA:662,48,0,0
BRDA:800,49,0,0
BRDA:812,50,0,0
BRDA:822,51,0,0
BRDA:822,51,1,0
BRDA:825,52,0,0
BRDA:825,52,1,0
BRDA:831,53,0,0
BRDA:831,53,1,0
BRDA:847,54,0,0
BRDA:847,54,1,0
BRDA:852,55,0,0
BRDA:852,55,1,0
BRDA:898,56,0,0
BRDA:928,57,0,0
BRDA:972,58,0,0
BRDA:972,58,1,0
BRDA:978,59,0,0
BRDA:1000,60,0,0
BRDA:1121,61,0,0
BRDA:1121,61,1,0
BRDA:1125,62,0,0
BRDA:1125,62,1,0
BRDA:1125,63,0,0
BRDA:1125,63,1,0
BRF:109
BRH:0
end_of_record
TN:
SF:src/components/data-management/DataSourceMonitor.tsx
FN:55,(anonymous_4)
FN:73,(anonymous_5)
FN:77,(anonymous_6)
FN:80,(anonymous_7)
FN:94,(anonymous_8)
FN:106,(anonymous_9)
FN:107,(anonymous_10)
FN:125,(anonymous_11)
FN:134,(anonymous_12)
FN:135,(anonymous_13)
FN:152,(anonymous_14)
FN:161,(anonymous_15)
FN:209,(anonymous_16)
FN:227,(anonymous_17)
FN:231,(anonymous_18)
FN:235,(anonymous_19)
FN:240,(anonymous_20)
FN:246,(anonymous_21)
FN:249,(anonymous_22)
FN:254,(anonymous_23)
FN:286,(anonymous_24)
FN:342,(anonymous_25)
FN:342,(anonymous_26)
FN:353,(anonymous_27)
FN:353,(anonymous_28)
FN:370,(anonymous_29)
FN:370,(anonymous_30)
FN:427,(anonymous_31)
FN:502,(anonymous_32)
FN:511,(anonymous_33)
FNF:30
FNH:30
FNDA:62,(anonymous_4)
FNDA:23,(anonymous_5)
FNDA:23,(anonymous_6)
FNDA:26,(anonymous_7)
FNDA:26,(anonymous_8)
FNDA:3,(anonymous_9)
FNDA:3,(anonymous_10)
FNDA:2,(anonymous_11)
FNDA:55,(anonymous_12)
FNDA:91,(anonymous_13)
FNDA:40,(anonymous_14)
FNDA:85,(anonymous_15)
FNDA:85,(anonymous_16)
FNDA:85,(anonymous_17)
FNDA:123,(anonymous_18)
FNDA:123,(anonymous_19)
FNDA:23,(anonymous_20)
FNDA:23,(anonymous_21)
FNDA:2,(anonymous_22)
FNDA:22,(anonymous_23)
FNDA:1,(anonymous_24)
FNDA:11,(anonymous_25)
FNDA:11,(anonymous_26)
FNDA:1,(anonymous_27)
FNDA:1,(anonymous_28)
FNDA:1,(anonymous_29)
FNDA:1,(anonymous_30)
FNDA:85,(anonymous_31)
FNDA:2,(anonymous_32)
FNDA:1,(anonymous_33)
DA:7,2
DA:19,2
DA:20,2
DA:21,2
DA:22,2
DA:23,2
DA:55,23
DA:60,62
DA:61,62
DA:62,62
DA:63,62
DA:64,62
DA:65,62
DA:66,62
DA:73,62
DA:77,62
DA:80,62
DA:81,26
DA:82,26
DA:83,26
DA:84,25
DA:86,1
DA:87,1
DA:89,26
DA:94,62
DA:95,26
DA:96,26
DA:97,26
DA:98,25
DA:100,1
DA:101,1
DA:106,62
DA:107,3
DA:109,3
DA:110,3
DA:112,2
DA:118,1
DA:119,1
DA:125,3
DA:126,2
DA:127,2
DA:128,2
DA:134,62
DA:135,55
DA:137,91
DA:138,2
DA:142,89
DA:143,2
DA:147,87
DA:148,33
DA:149,33
DA:152,40
DA:156,54
DA:161,62
DA:162,85
DA:164,36
DA:171,25
DA:178,0
DA:185,24
DA:192,0
DA:199,0
DA:209,62
DA:210,85
DA:212,37
DA:214,24
DA:216,0
DA:218,24
DA:220,0
DA:222,0
DA:227,62
DA:228,85
DA:231,62
DA:232,123
DA:235,62
DA:236,123
DA:240,62
DA:241,23
DA:242,23
DA:246,62
DA:247,23
DA:249,22
DA:250,2
DA:251,2
DA:254,22
DA:258,62
DA:260,62
DA:287,1
DA:288,1
DA:342,11
DA:353,1
DA:370,1
DA:428,85
DA:429,85
DA:430,85
DA:431,85
DA:433,85
DA:502,2
DA:512,1
DA:513,1
LF:99
LH:93
BRDA:56,0,0,60
BRDA:57,1,0,60
BRDA:58,2,0,61
BRDA:74,3,0,23
BRDA:74,3,1,23
BRDA:86,4,0,1
BRDA:86,4,1,0
BRDA:100,5,0,1
BRDA:100,5,1,0
BRDA:118,6,0,1
BRDA:118,6,1,0
BRDA:137,7,0,2
BRDA:137,8,0,91
BRDA:137,8,1,3
BRDA:142,9,0,2
BRDA:142,10,0,89
BRDA:142,10,1,3
BRDA:147,11,0,33
BRDA:150,12,0,33
BRDA:150,12,1,20
BRDA:150,12,2,20
BRDA:162,13,0,36
BRDA:162,13,1,25
BRDA:162,13,2,0
BRDA:162,13,3,24
BRDA:162,13,4,0
BRDA:162,13,5,0
BRDA:210,14,0,37
BRDA:210,14,1,24
BRDA:210,14,2,0
BRDA:210,14,3,24
BRDA:210,14,4,0
BRDA:210,14,5,0
BRDA:247,15,0,1
BRDA:247,16,0,23
BRDA:247,16,1,22
BRDA:258,17,0,62
BRDA:258,17,1,62
BRDA:260,18,0,23
BRDA:273,19,0,39
BRDA:273,19,1,2
BRDA:299,20,0,39
BRDA:386,21,0,39
BRDA:392,22,0,39
BRDA:401,23,0,2
[...]
FN:170,(anonymous_21)
FN:171,(anonymous_22)
FNF:22
FNH:1
FNDA:11,(anonymous_1)
FNDA:0,(anonymous_2)
FNDA:0,(anonymous_3)
FNDA:0,(anonymous_4)
FNDA:0,(anonymous_5)
FNDA:0,(anonymous_6)
FNDA:0,(anonymous_7)
FNDA:0,(anonymous_8)
FNDA:0,(anonymous_9)
FNDA:0,(anonymous_10)
FNDA:0,(anonymous_11)
FNDA:0,(anonymous_12)
FNDA:0,(anonymous_13)
FNDA:0,(anonymous_14)
FNDA:0,(anonymous_15)
FNDA:0,(anonymous_16)
FNDA:0,(anonymous_17)
FNDA:0,(anonymous_18)
FNDA:0,(anonymous_19)
FNDA:0,(anonymous_20)
FNDA:0,(anonymous_21)
FNDA:0,(anonymous_22)
DA:7,11
DA:8,11
DA:43,53
DA:44,11
DA:56,0
DA:57,0
DA:59,0
DA:73,0
DA:74,0
DA:77,0
DA:82,0
DA:83,0
DA:85,0
DA:86,0
DA:87,0
DA:94,0
DA:101,0
DA:103,0
DA:106,0
DA:115,0
DA:124,0
DA:130,0
DA:131,0
DA:132,0
DA:133,0
DA:137,0
DA:146,0
DA:150,0
DA:151,0
DA:155,0
DA:156,0
DA:158,0
DA:159,0
DA:162,0
DA:163,0
DA:164,0
DA:165,0
DA:167,0
DA:171,0
LF:39
LH:4
BRDA:57,0,0,0
BRDA:57,0,1,0
BRDA:57,0,2,0
BRDA:65,1,0,0
BRDA:65,1,1,0
BRDA:65,2,0,0
BRDA:65,2,1,0
BRDA:65,3,0,0
BRDA:65,3,1,0
BRDA:66,4,0,0
BRDA:66,4,1,0
BRDA:66,5,0,0
BRDA:66,5,1,0
BRDA:66,6,0,0
BRDA:66,6,1,0
BRDA:73,7,0,0
BRDA:73,8,0,0
BRDA:73,8,1,0
BRDA:89,9,0,0
BRDA:89,9,1,0
BRDA:89,10,0,0
BRDA:89,10,1,0
BRDA:89,11,0,0
BRDA:89,11,1,0
BRDA:90,12,0,0
BRDA:90,12,1,0
BRDA:90,13,0,0
BRDA:90,13,1,0
BRDA:90,14,0,0
BRDA:90,14,1,0
BRDA:151,15,0,0
BRDA:151,15,1,0
BRDA:158,16,0,0
BRDA:158,17,0,0
BRDA:158,17,1,0
BRDA:158,17,2,0
BRF:36
BRH:0
end_of_record
TN:
SF:src/stores/tradingStore.ts
FN:67,(anonymous_1)
FN:83,(anonymous_2)
FN:88,(anonymous_3)
FN:89,(anonymous_4)
FN:96,(anonymous_5)
FN:97,(anonymous_6)
FN:101,(anonymous_7)
FN:102,(anonymous_8)
FN:103,(anonymous_9)
FN:118,(anonymous_10)
FN:119,(anonymous_11)
FN:120,(anonymous_12)
FN:136,(anonymous_13)
FN:137,(anonymous_14)
FN:138,(anonymous_15)
FN:144,(anonymous_16)
FN:145,(anonymous_17)
FN:148,(anonymous_18)
FN:149,(anonymous_19)
FN:153,(anonymous_20)
FN:154,(anonymous_21)
FN:155,(anonymous_22)
FN:170,(anonymous_23)
FN:171,(anonymous_24)
FN:172,(anonymous_25)
FN:188,(anonymous_26)
FN:189,(anonymous_27)
FN:190,(anonymous_28)
FN:196,(anonymous_29)
FN:197,(anonymous_30)
FN:200,(anonymous_31)
FN:201,(anonymous_32)
FN:204,(anonymous_33)
FN:205,(anonymous_34)
FN:207,(anonymous_35)
FN:220,(anonymous_36)
FN:222,(anonymous_37)
FN:234,(anonymous_38)
FN:236,(anonymous_39)
FN:241,(anonymous_40)
FN:246,(anonymous_41)
FN:251,(anonymous_42)
FN:252,(anonymous_43)
FN:255,(anonymous_44)
FN:256,(anonymous_45)
FN:259,(anonymous_46)
FN:260,(anonymous_47)
FN:265,(anonymous_48)
FNF:48
FNH:1
FNDA:11,(anonymous_1)
FNDA:0,(anonymous_2)
FNDA:0,(anonymous_3)
FNDA:0,(anonymous_4)
FNDA:0,(anonymous_5)
FNDA:0,(anonymous_6)
FNDA:0,(anonymous_7)
FNDA:0,(anonymous_8)
FNDA:0,(anonymous_9)
FNDA:0,(anonymous_10)
FNDA:0,(anonymous_11)
FNDA:0,(anonymous_12)
FNDA:0,(anonymous_13)
FNDA:0,(anonymous_14)
FNDA:0,(anonymous_15)
FNDA:0,(anonymous_16)
FNDA:0,(anonymous_17)
FNDA:0,(anonymous_18)
FNDA:0,(anonymous_19)
FNDA:0,(anonymous_20)
FNDA:0,(anonymous_21)
FNDA:0,(anonymous_22)
FNDA:0,(anonymous_23)
FNDA:0,(anonymous_24)
FNDA:0,(anonymous_25)
FNDA:0,(anonymous_26)
FNDA:0,(anonymous_27)
FNDA:0,(anonymous_28)
FNDA:0,(anonymous_29)
FNDA:0,(anonymous_30)
FNDA:0,(anonymous_31)
FNDA:0,(anonymous_32)
FNDA:0,(anonymous_33)
FNDA:0,(anonymous_34)
FNDA:0,(anonymous_35)
FNDA:0,(anonymous_36)
FNDA:0,(anonymous_37)
FNDA:0,(anonymous_38)
FNDA:0,(anonymous_39)
FNDA:0,(anonymous_40)
FNDA:0,(anonymous_41)
FNDA:0,(anonymous_42)
FNDA:0,(anonymous_43)
FNDA:0,(anonymous_44)
FNDA:0,(anonymous_45)
FNDA:0,(anonymous_46)
FNDA:0,(anonymous_47)
FNDA:0,(anonymous_48)
DA:7,11
DA:8,11
DA:66,50
DA:67,11
DA:83,0
DA:89,0
DA:96,0
DA:97,0
DA:102,0
DA:104,0
DA:110,0
DA:111,0
DA:114,0
DA:119,0
DA:121,0
DA:128,0
DA:129,0
DA:132,0
DA:137,0
DA:138,0
DA:144,0
DA:145,0
DA:148,0
DA:149,0
DA:154,0
DA:156,0
DA:162,0
DA:163,0
DA:166,0
DA:171,0
DA:173,0
DA:180,0
DA:181,0
DA:184,0
DA:189,0
DA:190,0
DA:196,0
DA:197,0
DA:200,0
DA:201,0
DA:205,0
DA:207,0
DA:212,0
DA:213,0
DA:216,0
DA:220,0
DA:222,0
DA:235,0
DA:236,0
DA:237,0
DA:238,0
DA:242,0
DA:243,0
DA:247,0
DA:248,0
DA:252,0
DA:256,0
DA:260,0
DA:261,0
DA:266,0
LF:60
LH:4
BRDA:90,0,0,0
BRDA:90,0,1,0
BRDA:110,1,0,0
BRDA:121,2,0,0
BRDA:121,2,1,0
BRDA:123,3,0,0
BRDA:123,3,1,0
BRDA:128,4,0,0
BRDA:139,5,0,0
BRDA:139,5,1,0
BRDA:162,6,0,0
BRDA:173,7,0,0
BRDA:173,7,1,0
BRDA:175,8,0,0
BRDA:175,8,1,0
BRDA:180,9,0,0
BRDA:191,10,0,0
BRDA:191,10,1,0
BRDA:212,11,0,0
BRDA:237,12,0,0
BRDA:237,12,1,0
BRDA:243,13,0,0
BRDA:243,13,1,0
BRDA:248,14,0,0
BRDA:248,14,1,0
BRDA:261,15,0,0
BRDA:261,15,1,0
BRF:27
BRH:0
end_of_record
TN:
SF:src/stores/useAppStore.ts
FN:68,(anonymous_1)
FN:72,(anonymous_2)
FN:74,(anonymous_3)
FN:84,(anonymous_4)
FN:97,(anonymous_5)
FN:99,(anonymous_6)
FN:105,(anonymous_7)
FN:109,(anonymous_8)
FN:118,(anonymous_9)
FN:128,(anonymous_10)
FN:137,(anonymous_11)
FN:143,(anonymous_12)
FN:145,(anonymous_13)
FN:146,(anonymous_14)
FN:153,(anonymous_15)
FN:158,(anonymous_16)
FN:167,(anonymous_17)
FNF:17
FNH:3
FNDA:6,(anonymous_1)
FNDA:11,(anonymous_2)
FNDA:11,(anonymous_3)
FNDA:0,(anonymous_4)
FNDA:0,(anonymous_5)
FNDA:0,(anonymous_6)
FNDA:0,(anonymous_7)
FNDA:0,(anonymous_8)
FNDA:0,(anonymous_9)
FNDA:0,(anonymous_10)
FNDA:0,(anonymous_11)
FNDA:0,(anonymous_12)
FNDA:0,(anonymous_13)
FNDA:0,(anonymous_14)
FNDA:0,(anonymous_15)
FNDA:0,(anonymous_16)
FNDA:0,(anonymous_17)
DA:1,6
DA:2,6
DA:54,6
DA:66,714
DA:68,6
DA:73,11
DA:74,11
DA:85,0
DA:98,0
DA:99,0
DA:106,0
DA:110,0
DA:112,0
DA:113,0
DA:119,0
DA:120,0
DA:127,0
DA:128,0
DA:136,0
DA:137,0
DA:138,0
DA:144,0
DA:145,0
DA:146,0
DA:154,0
DA:159,0
DA:168,0
LF:27
LH:7
BRDA:77,0,0,0
BRDA:77,0,1,11
BRDA:88,1,0,0
BRDA:88,1,1,0
BRDA:112,2,0,0
BRDA:124,3,0,0
BRDA:124,3,1,0
BRDA:136,4,0,0
BRDA:158,5,0,0
BRF:9
BRH:1
end_of_record
TN:
SF:src/stores/useMLStore.ts
FN:213,(anonymous_1)
FN:217,(anonymous_2)
FN:219,(anonymous_3)
FN:225,(anonymous_4)
FN:227,(anonymous_5)
FN:228,(anonymous_6)
FN:243,(anonymous_7)
FN:245,(anonymous_8)
FN:246,(anonymous_9)
FN:248,(anonymous_10)
FN:255,(anonymous_11)
FN:260,(anonymous_12)
FN:274,(anonymous_13)
FN:275,(anonymous_14)
FN:295,(anonymous_15)
FN:297,(anonymous_16)
FN:298,(anonymous_17)
FN:307,(anonymous_18)
FN:320,(anonymous_19)
FN:322,(anonymous_20)
FN:323,(anonymous_21)
FN:333,(anonymous_22)
FN:349,(anonymous_23)
FN:351,(anonymous_24)
FN:352,(anonymous_25)
FN:357,(anonymous_26)
FN:368,(anonymous_27)
FN:371,(anonymous_28)
FN:372,(anonymous_29)
FN:384,(anonymous_30)
FN:403,(anonymous_31)
FN:405,(anonymous_32)
FN:406,(anonymous_33)
FN:416,(anonymous_34)
FN:435,(anonymous_35)
FN:437,(anonymous_36)
FN:443,(anonymous_37)
FN:445,(anonymous_38)
FN:446,(anonymous_39)
FN:455,(anonymous_40)
FN:460,(anonymous_41)
FN:464,(anonymous_42)
FN:468,(anonymous_43)
FN:470,(anonymous_44)
FN:472,(anonymous_45)
FN:481,(anonymous_46)
FN:483,(anonymous_47)
FN:484,(anonymous_48)
FN:494,(anonymous_49)
FN:497,(anonymous_50)
FN:498,(anonymous_51)
FN:509,(anonymous_52)
FN:511,(anonymous_53)
FN:512,(anonymous_54)
FN:517,(anonymous_55)
FN:524,(anonymous_56)
FN:529,(anonymous_57)
FN:531,(anonymous_58)
FN:532,(anonymous_59)
FN:545,(anonymous_60)
FN:549,(anonymous_61)
FN:561,(anonymous_62)
FN:563,(anonymous_63)
FN:564,(anonymous_64)
FN:569,(anonymous_65)
FN:583,(anonymous_66)
FN:587,(anonymous_67)
FN:591,(anonymous_68)
FN:596,(anonymous_69)
FN:600,(anonymous_70)
FN:604,(anonymous_71)
FN:608,(anonymous_72)
FN:613,(anonymous_73)
FN:614,(anonymous_74)
FN:617,(anonymous_75)
FN:618,(anonymous_76)
FN:621,(anonymous_77)
FN:622,(anonymous_78)
FN:627,(anonymous_79)
FN:628,(anonymous_80)
FN:633,(anonymous_81)
FNF:81
FNH:1
FNDA:1,(anonymous_1)
FNDA:0,(anonymous_2)
FNDA:0,(anonymous_3)
FNDA:0,(anonymous_4)
FNDA:0,(anonymous_5)
FNDA:0,(anonymous_6)
FNDA:0,(anonymous_7)
FNDA:0,(anonymous_8)
FNDA:0,(anonymous_9)
FNDA:0,(anonymous_10)
FNDA:0,(anonymous_11)
FNDA:0,(anonymous_12)
FNDA:0,(anonymous_13)
FNDA:0,(anonymous_14)
FNDA:0,(anonymous_15)
FNDA:0,(anonymous_16)
FNDA:0,(anonymous_17)
FNDA:0,(anonymous_18)
FNDA:0,(anonymous_19)
FNDA:0,(anonymous_20)
FNDA:0,(anonymous_21)
FNDA:0,(anonymous_22)
FNDA:0,(anonymous_23)
FNDA:0,(anonymous_24)
FNDA:0,(anonymous_25)
FNDA:0,(anonymous_26)
FNDA:0,(anonymous_27)
FNDA:0,(anonymous_28)
FNDA:0,(anonymous_29)
FNDA:0,(anonymous_30)
FNDA:0,(anonymous_31)
FNDA:0,(anonymous_32)
FNDA:0,(anonymous_33)
FNDA:0,(anonymous_34)
FNDA:0,(anonymous_35)
FNDA:0,(anonymous_36)
FNDA:0,(anonymous_37)
FNDA:0,(anonymous_38)
FNDA:0,(anonymous_39)
FNDA:0,(anonymous_40)
FNDA:0,(anonymous_41)
FNDA:0,(anonymous_42)
FNDA:0,(anonymous_43)
FNDA:0,(anonymous_44)
FNDA:0,(anonymous_45)
FNDA:0,(anonymous_46)
FNDA:0,(anonymous_47)
FNDA:0,(anonymous_48)
FNDA:0,(anonymous_49)
FNDA:0,(anonymous_50)
FNDA:0,(anonymous_51)
FNDA:0,(anonymous_52)
FNDA:0,(anonymous_53)
FNDA:0,(anonymous_54)
FNDA:0,(anonymous_55)
FNDA:0,(anonymous_56)
FNDA:0,(anonymous_57)
FNDA:0,(anonymous_58)
FNDA:0,(anonymous_59)
FNDA:0,(anonymous_60)
FNDA:0,(anonymous_61)
FNDA:0,(anonymous_62)
FNDA:0,(anonymous_63)
FNDA:0,(anonymous_64)
FNDA:0,(anonymous_65)
FNDA:0,(anonymous_66)
FNDA:0,(anonymous_67)
FNDA:0,(anonymous_68)
FNDA:0,(anonymous_69)
FNDA:0,(anonymous_70)
FNDA:0,(anonymous_71)
FNDA:0,(anonymous_72)
FNDA:0,(anonymous_73)
FNDA:0,(anonymous_74)
FNDA:0,(anonymous_75)
FNDA:0,(anonymous_76)
FNDA:0,(anonymous_77)
FNDA:0,(anonymous_78)
FNDA:0,(anonymous_79)
FNDA:0,(anonymous_80)
FNDA:0,(anonymous_81)
DA:1,1
DA:2,1
DA:156,1
DA:194,1
DA:211,24
DA:213,1
DA:218,0
DA:219,0
DA:226,0
DA:227,0
DA:229,0
DA:244,0
DA:245,0
DA:246,0
DA:248,0
DA:256,0
DA:261,0
DA:273,0
DA:274,0
DA:276,0
DA:296,0
DA:297,0
DA:299,0
DA:308,0
DA:321,0
DA:322,0
DA:324,0
DA:334,0
DA:350,0
DA:351,0
DA:353,0
DA:358,0
DA:369,0
DA:370,0
DA:371,0
DA:373,0
DA:385,0
DA:404,0
DA:405,0
DA:407,0
DA:417,0
DA:436,0
DA:437,0
DA:444,0
DA:445,0
DA:447,0
DA:456,0
DA:461,0
DA:465,0
DA:469,0
DA:470,0
DA:472,0
DA:482,0
DA:484,0
DA:485,0
DA:487,0
DA:493,0
DA:495,0
DA:497,0
DA:499,0
DA:510,0
DA:511,0
DA:513,0
DA:517,0
DA:525,0
DA:530,0
DA:532,0
DA:533,0
DA:535,0
DA:544,0
DA:546,0
DA:549,0
DA:562,0
DA:563,0
DA:565,0
DA:569,0
DA:584,0
DA:588,0
DA:592,0
DA:597,0
DA:601,0
DA:605,0
DA:609,0
DA:614,0
DA:618,0
DA:622,0
DA:623,0
DA:628,0
DA:629,0
DA:634,0
LF:90
LH:6
BRDA:229,0,0,0
BRDA:229,0,1,0
BRDA:234,1,0,0
BRDA:234,1,1,0
BRDA:247,2,0,0
BRDA:247,2,1,0
BRDA:260,3,0,0
BRDA:268,4,0,0
BRDA:268,4,1,0
BRDA:276,5,0,0
BRDA:276,5,1,0
BRDA:299,6,0,0
BRDA:299,6,1,0
BRDA:308,7,0,0
BRDA:308,7,1,0
BRDA:313,8,0,0
BRDA:313,8,1,0
BRDA:320,9,0,0
BRDA:324,10,0,0
BRDA:324,10,1,0
BRDA:329,11,0,0
BRDA:329,11,1,0
BRDA:334,12,0,0
BRDA:334,12,1,0
BRDA:353,13,0,0
BRDA:353,13,1,0
BRDA:358,14,0,0
BRDA:358,14,1,0
BRDA:373,15,0,0
BRDA:373,15,1,0
BRDA:385,16,0,0
BRDA:385,16,1,0
BRDA:396,17,0,0
BRDA:396,17,1,0
BRDA:407,18,0,0
BRDA:407,18,1,0
BRDA:417,19,0,0
BRDA:417,19,1,0
BRDA:427,20,0,0
BRDA:427,20,1,0
BRDA:447,21,0,0
BRDA:447,21,1,0
BRDA:471,22,0,0
BRDA:471,22,1,0
BRDA:481,23,0,0
BRDA:485,24,0,0
BRDA:495,25,0,0
BRDA:495,25,1,0
BRDA:497,26,0,0
BRDA:497,26,1,0
BRDA:499,27,0,0
BRDA:499,27,1,0
BRDA:513,28,0,0
BRDA:513,28,1,0
BRDA:533,29,0,0
BRDA:546,30,0,0
BRDA:546,30,1,0
BRDA:565,31,0,0
BRDA:565,31,1,0
BRDA:629,32,0,0
BRDA:629,32,1,0
BRF:61
BRH:0
end_of_record
TN:
SF:src/stores/useMarketDataStore.ts
FN:91,(anonymous_1)
FN:95,(anonymous_2)
FN:99,(anonymous_3)
FN:101,(anonymous_4)
FN:111,(anonymous_5)
FN:113,(anonymous_6)
FN:114,(anonymous_7)
FN:116,(anonymous_8)
FN:125,(anonymous_9)
FN:127,(anonymous_10)
FN:145,(anonymous_11)
FN:147,(anonymous_12)
FN:151,(anonymous_13)
FN:168,(anonymous_14)
FN:170,(anonymous_15)
FN:181,(anonymous_16)
FN:186,(anonymous_17)
FN:188,(anonymous_18)
FN:196,(anonymous_19)
FN:198,(anonymous_20)
FN:208,(anonymous_21)
FN:213,(anonymous_22)
FN:215,(anonymous_23)
FN:225,(anonymous_24)
FN:227,(anonymous_25)
FN:233,(anonymous_26)
FN:238,(anonymous_27)
FN:242,(anonymous_28)
FN:247,(anonymous_29)
FN:252,(anonymous_30)
FNF:30
FNH:3
FNDA:7,(anonymous_1)
FNDA:0,(anonymous_2)
FNDA:0,(anonymous_3)
FNDA:0,(anonymous_4)
FNDA:0,(anonymous_5)
FNDA:0,(anonymous_6)
FNDA:0,(anonymous_7)
FNDA:0,(anonymous_8)
FNDA:0,(anonymous_9)
FNDA:0,(anonymous_10)
FNDA:0,(anonymous_11)
FNDA:0,(anonymous_12)
FNDA:0,(anonymous_13)
FNDA:0,(anonymous_14)
FNDA:0,(anonymous_15)
FNDA:0,(anonymous_16)
FNDA:0,(anonymous_17)
FNDA:0,(anonymous_18)
FNDA:0,(anonymous_19)
FNDA:0,(anonymous_20)
FNDA:0,(anonymous_21)
FNDA:0,(anonymous_22)
FNDA:0,(anonymous_23)
FNDA:0,(anonymous_24)
FNDA:0,(anonymous_25)
FNDA:0,(anonymous_26)
FNDA:408,(anonymous_27)
FNDA:0,(anonymous_28)
FNDA:130,(anonymous_29)
FNDA:0,(anonymous_30)
DA:1,7
DA:2,7
DA:77,7
DA:89,541
DA:91,7
DA:96,0
DA:100,0
DA:101,0
DA:112,0
DA:113,0
DA:114,0
DA:116,0
DA:126,0
DA:128,0
DA:129,0
DA:131,0
DA:146,0
DA:148,0
DA:149,0
DA:151,0
DA:152,0
DA:153,0
DA:156,0
DA:169,0
DA:170,0
DA:182,0
DA:187,0
DA:188,0
DA:197,0
DA:199,0
DA:200,0
DA:201,0
DA:209,0
DA:214,0
DA:215,0
DA:226,0
DA:227,0
DA:234,0
DA:239,408
DA:243,0
DA:244,0
DA:248,130
DA:253,0
LF:43
LH:7
BRDA:102,0,0,0
BRDA:102,0,1,0
BRDA:217,1,0,0
BRDA:217,1,1,0
BRDA:218,2,0,0
BRDA:218,2,1,0
BRDA:243,3,0,0
BRDA:243,3,1,0
BRDA:244,4,0,0
BRDA:244,4,1,0
BRF:10
BRH:0
end_of_record
TN:
SF:src/stores/useTradingStore.ts
FN:166,(anonymous_1)
FN:170,(anonymous_2)
FN:175,(anonymous_3)
FN:177,(anonymous_4)
FN:183,(anonymous_5)
FN:185,(anonymous_6)
FN:186,(anonymous_7)
FN:197,(anonymous_8)
FN:199,(anonymous_9)
FN:200,(anonymous_10)
FN:207,(anonymous_11)
FN:209,(anonymous_12)
FN:210,(anonymous_13)
FN:214,(anonymous_14)
FN:224,(anonymous_15)
FN:226,(anonymous_16)
FN:232,(anonymous_17)
FN:234,(anonymous_18)
FN:235,(anonymous_19)
FN:246,(anonymous_20)
FN:248,(anonymous_21)
FN:249,(anonymous_22)
FN:256,(anonymous_23)
FN:258,(anonymous_24)
FN:259,(anonymous_25)
FN:263,(anonymous_26)
FN:273,(anonymous_27)
FN:277,(anonymous_28)
FN:279,(anonymous_29)
FN:290,(anonymous_30)
FN:294,(anonymous_31)
FN:298,(anonymous_32)
FN:302,(anonymous_33)
FN:310,(anonymous_34)
FN:318,(anonymous_35)
FN:326,(anonymous_36)
FN:330,(anonymous_37)
FN:342,(anonymous_38)
FN:344,(anonymous_39)
FN:350,(anonymous_40)
FN:354,(anonymous_41)
FN:359,(anonymous_42)
FN:363,(anonymous_43)
FN:367,(anonymous_44)
FN:372,(anonymous_45)
FN:373,(anonymous_46)
FN:376,(anonymous_47)
FN:377,(anonymous_48)
FN:380,(anonymous_49)
FN:381,(anonymous_50)
FN:384,(anonymous_51)
FN:386,(anonymous_52)
FN:391,(anonymous_53)
FN:397,(anonymous_54)
FN:410,(anonymous_55)
FNF:55
FNH:2
FNDA:5,(anonymous_1)
FNDA:0,(anonymous_2)
FNDA:0,(anonymous_3)
FNDA:0,(anonymous_4)
FNDA:0,(anonymous_5)
FNDA:0,(anonymous_6)
FNDA:0,(anonymous_7)
FNDA:0,(anonymous_8)
FNDA:0,(anonymous_9)
FNDA:0,(anonymous_10)
FNDA:0,(anonymous_11)
FNDA:0,(anonymous_12)
FNDA:0,(anonymous_13)
FNDA:0,(anonymous_14)
FNDA:0,(anonymous_15)
FNDA:0,(anonymous_16)
FNDA:0,(anonymous_17)
FNDA:0,(anonymous_18)
FNDA:0,(anonymous_19)
FNDA:0,(anonymous_20)
FNDA:0,(anonymous_21)
FNDA:0,(anonymous_22)
FNDA:0,(anonymous_23)
FNDA:0,(anonymous_24)
FNDA:0,(anonymous_25)
FNDA:0,(anonymous_26)
FNDA:0,(anonymous_27)
FNDA:0,(anonymous_28)
FNDA:0,(anonymous_29)
FNDA:0,(anonymous_30)
FNDA:0,(anonymous_31)
FNDA:0,(anonymous_32)
FNDA:0,(anonymous_33)
FNDA:0,(anonymous_34)
FNDA:0,(anonymous_35)
FNDA:0,(anonymous_36)
FNDA:0,(anonymous_37)
FNDA:0,(anonymous_38)
FNDA:0,(anonymous_39)
FNDA:0,(anonymous_40)
FNDA:0,(anonymous_41)
FNDA:0,(anonymous_42)
FNDA:0,(anonymous_43)
FNDA:0,(anonymous_44)
FNDA:0,(anonymous_45)
FNDA:0,(anonymous_46)
FNDA:0,(anonymous_47)
FNDA:0,(anonymous_48)
FNDA:0,(anonymous_49)
FNDA:0,(anonymous_50)
FNDA:29,(anonymous_51)
FNDA:0,(anonymous_52)
FNDA:0,(anonymous_53)
FNDA:0,(anonymous_54)
FNDA:0,(anonymous_55)
DA:1,5
DA:2,5
DA:137,5
DA:149,5
DA:164,719
DA:166,5
DA:171,0
DA:176,0
DA:177,0
DA:184,0
DA:185,0
DA:187,0
DA:198,0
DA:199,0
DA:200,0
DA:208,0
DA:210,0
DA:211,0
DA:213,0
DA:214,0
DA:225,0
DA:226,0
DA:233,0
DA:234,0
DA:236,0
DA:247,0
DA:248,0
DA:249,0
DA:257,0
DA:259,0
DA:260,0
DA:262,0
DA:263,0
DA:274,0
DA:278,0
DA:279,0
DA:291,0
DA:295,0
DA:299,0
DA:303,0
DA:311,0
DA:319,0
DA:327,0
DA:331,0
DA:343,0
DA:344,0
DA:351,0
DA:355,0
DA:360,0
DA:364,0
DA:368,0
DA:373,0
DA:377,0
DA:381,0
DA:385,29
DA:386,29
DA:387,29
DA:388,29
DA:392,0
DA:393,0
DA:394,0
DA:398,0
DA:399,0
DA:401,0
DA:404,0
DA:406,0
DA:411,0
LF:67
LH:10
BRDA:187,0,0,0
BRDA:187,0,1,0
BRDA:211,1,0,0
BRDA:236,2,0,0
BRDA:236,2,1,0
BRDA:260,3,0,0
BRDA:282,4,0,0
BRDA:282,4,1,0
BRDA:283,5,0,0
BRDA:283,5,1,0
BRDA:283,6,0,0
BRDA:283,6,1,0
BRDA:299,7,0,0
BRDA:299,7,1,0
BRDA:299,8,0,0
BRDA:299,8,1,0
BRDA:304,9,0,0
BRDA:304,9,1,0
BRDA:304,10,0,0
BRDA:304,10,1,0
BRDA:312,11,0,0
BRDA:312,11,1,0
BRDA:312,12,0,0
BRDA:312,12,1,0
BRDA:320,13,0,0
BRDA:320,13,1,0
BRDA:320,14,0,0
BRDA:320,14,1,0
BRDA:387,15,0,29
BRDA:387,15,1,29
BRDA:393,16,0,0
BRDA:393,17,0,0
BRDA:393,17,1,0
BRDA:401,18,0,0
BRDA:401,19,0,0
BRDA:401,19,1,0
BRDA:404,20,0,0
BRDA:404,20,1,0
BRF:38
BRH:2
end_of_record
TN:
SF:src/test/analytics.test-suite.ts
FN:51,(anonymous_6)
FN:65,(anonymous_7)
FN:125,(anonymous_8)
FN:126,(anonymous_9)
FN:136,(anonymous_10)
FN:137,(anonymous_11)
FN:147,(anonymous_12)
FN:148,(anonymous_13)
FN:158,(anonymous_14)
FN:170,(anonymous_15)
FN:171,(anonymous_16)
FN:175,(anonymous_17)
FN:178,(anonymous_18)
FN:185,(anonymous_19)
FN:231,(anonymous_20)
FN:252,(anonymous_21)
FN:280,(anonymous_22)
FN:313,(anonymous_23)
FN:331,(anonymous_24)
FN:347,(anonymous_25)
FN:362,runAnalyticsTestSuite
FN:370,runQuickAnalyticsTests
FN:382,runFullAnalyticsTests
FN:407,(anonymous_29)
FN:410,(anonymous_30)
FNF:25
FNH:0
FNDA:0,(anonymous_6)
FNDA:0,(anonymous_7)
FNDA:0,(anonymous_8)
FNDA:0,(anonymous_9)
FNDA:0,(anonymous_10)
FNDA:0,(anonymous_11)
FNDA:0,(anonymous_12)
FNDA:0,(anonymous_13)
FNDA:0,(anonymous_14)
FNDA:0,(anonymous_15)
FNDA:0,(anonymous_16)
FNDA:0,(anonymous_17)
FNDA:0,(anonymous_18)
FNDA:0,(anonymous_19)
FNDA:0,(anonymous_20)
FNDA:0,(anonymous_21)
FNDA:0,(anonymous_22)
FNDA:0,(anonymous_23)
FNDA:0,(anonymous_24)
FNDA:0,(anonymous_25)
FNDA:0,runAnalyticsTestSuite
FNDA:0,runQuickAnalyticsTests
FNDA:0,runFullAnalyticsTests
FNDA:0,(anonymous_29)
FNDA:0,(anonymous_30)
DA:7,0
DA:8,0
DA:9,0
DA:35,0
DA:37,0
DA:52,0
DA:66,0
DA:68,0
DA:69,0
DA:78,0
DA:80,0
DA:83,0
DA:84,0
DA:85,0
DA:88,0
DA:89,0
DA:90,0
DA:93,0
DA:94,0
DA:95,0
DA:98,0
DA:99,0
DA:100,0
DA:103,0
DA:106,0
DA:108,0
DA:109,0
DA:112,0
DA:113,0
DA:115,0
DA:116,0
DA:119,0
DA:126,0
DA:127,0
DA:130,0
DA:137,0
DA:138,0
DA:141,0
DA:148,0
DA:149,0
DA:152,0
DA:159,0
DA:160,0
DA:163,0
DA:164,0
DA:171,0
DA:173,0
DA:174,0
DA:175,0
DA:178,0
DA:186,0
DA:194,0
DA:195,0
DA:196,0
DA:199,0
DA:201,0
DA:213,0
DA:214,0
DA:217,0
DA:223,0
DA:225,0
DA:226,0
DA:227,0
DA:228,0
DA:230,0
DA:231,0
DA:232,0
DA:233,0
DA:238,0
DA:241,0
DA:242,0
DA:243,0
DA:246,0
DA:253,0
DA:255,0
DA:257,0
DA:260,0
DA:267,0
DA:268,0
DA:281,0
DA:294,0
DA:296,0
DA:298,0
DA:299,0
DA:300,0
DA:303,0
DA:304,0
DA:306,0
DA:314,0
DA:315,0
DA:316,0
DA:317,0
DA:318,0
DA:319,0
DA:321,0
DA:322,0
DA:323,0
DA:324,0
DA:325,0
DA:326,0
DA:329,0
DA:330,0
DA:331,0
DA:334,0
DA:335,0
DA:338,0
DA:339,0
DA:340,0
DA:348,0
DA:349,0
DA:350,0
DA:351,0
DA:353,0
DA:354,0
DA:362,0
DA:363,0
DA:364,0
DA:370,0
DA:371,0
DA:382,0
DA:383,0
DA:393,0
DA:394,0
DA:395,0
DA:396,0
DA:397,0
DA:399,0
DA:406,0
DA:408,0
DA:411,0
DA:412,0
LF:131
LH:0
BRDA:51,0,0,0
BRDA:98,1,0,0
BRDA:112,2,0,0
BRDA:112,2,1,0
BRDA:127,3,0,0
BRDA:127,3,1,0
BRDA:149,4,0,0
BRDA:149,4,1,0
BRDA:159,5,0,0
BRDA:173,6,0,0
BRDA:194,7,0,0
BRDA:203,8,0,0
BRDA:203,8,1,0
BRDA:204,9,0,0
BRDA:204,9,1,0
BRDA:205,10,0,0
BRDA:205,10,1,0
BRDA:207,11,0,0
BRDA:207,11,1,0
BRDA:208,12,0,0
BRDA:208,12,1,0
BRDA:225,13,0,0
BRDA:225,13,1,0
BRDA:226,14,0,0
BRDA:226,14,1,0
BRDA:227,15,0,0
BRDA:227,15,1,0
BRDA:228,16,0,0
BRDA:228,16,1,0
BRDA:230,17,0,0
BRDA:232,18,0,0
BRDA:241,19,0,0
BRDA:241,19,1,0
BRDA:299,20,0,0
BRDA:317,21,0,0
BRDA:317,21,1,0
BRDA:321,22,0,0
BRDA:329,23,0,0
BRDA:335,24,0,0
BRDA:335,24,1,0
BRDA:339,25,0,0
BRDA:348,26,0,0
BRDA:348,26,1,0
BRDA:349,27,0,0
BRDA:349,27,1,0
BRDA:350,28,0,0
BRDA:350,28,1,0
BRDA:351,29,0,0
BRDA:351,29,1,0
BRDA:353,30,0,0
BRDA:393,31,0,0
BRDA:400,32,0,0
BRDA:400,32,1,0
BRDA:408,33,0,0
BRDA:408,33,1,0
BRF:55
BRH:0
end_of_record
